<?xml version="1.0" encoding="UTF-8"?>
<coverage generated="1666542685923" clover="3.2.0">
  <project timestamp="1666542685923" name="All files">
    <metrics statements="20" coveredstatements="20" conditionals="0" coveredconditionals="0" methods="3" coveredmethods="3" elements="23" coveredelements="23" complexity="0" loc="20" ncloc="20" packages="1" files="1" classes="1"/>
    <file name="HeaderComponent.vue" path="/home/it/Desktop/Vue/Vue Masterclass/job-search/src/components/Header/HeaderComponent.vue">
      <metrics statements="20" coveredstatements="20" conditionals="0" coveredconditionals="0" methods="3" coveredmethods="3"/>
      <line num="4" count="1" type="stmt"/>
      <line num="7" count="1" type="stmt"/>
      <line num="8" count="1" type="stmt"/>
      <line num="11" count="2" type="stmt"/>
      <line num="19" count="1" type="stmt"/>
      <line num="21" count="1" type="stmt"/>
      <line num="24" count="1" type="stmt"/>
      <line num="25" count="1" type="stmt"/>
      <line num="26" count="1" type="stmt"/>
      <line num="29" count="1" type="stmt"/>
      <line num="32" count="1" type="stmt"/>
      <line num="35" count="1" type="stmt"/>
      <line num="39" count="1" type="stmt"/>
      <line num="69" count="1" type="stmt"/>
      <line num="72" count="1" type="stmt"/>
      <line num="75" count="1" type="stmt"/>
      <line num="78" count="1" type="stmt"/>
      <line num="83" count="2" type="stmt"/>
      <line num="84" count="12" type="stmt"/>
      <line num="90" count="1" type="stmt"/>
    </file>
  </project>
</coverage>
