{"/home/it/Desktop/Vue/Vue Masterclass/job-search/src/components/ActionButton/ActionButton.vue": {"path":"/home/it/Desktop/Vue/Vue Masterclass/job-search/src/components/ActionButton/ActionButton.vue","statementMap":{"0":{"start":{"line":4,"column":0},"end":{"line":6,"column":3}},"1":{"start":{"line":7,"column":0},"end":{"line":7,"column":25}},"2":{"start":{"line":8,"column":15},"end":{"line":10,"column":1}},"3":{"start":{"line":13,"column":0},"end":{"line":13,"column":13}},"4":{"start":{"line":15,"column":0},"end":{"line":17,"column":3}},"5":{"start":{"line":18,"column":0},"end":{"line":18,"column":24}},"6":{"start":{"line":19,"column":11},"end":{"line":19,"column":25}},"7":{"start":{"line":20,"column":19},"end":{"line":22,"column":1}},"8":{"start":{"line":24,"column":2},"end":{"line":24,"column":96}},"9":{"start":{"line":25,"column":2},"end":{"line":25,"column":49}}},"fnMap":{"0":{"name":"render","decl":{"start":{"line":23,"column":9},"end":{"line":23,"column":15}},"loc":{"start":{"line":23,"column":30},"end":{"line":25,"column":1}},"line":23}},"branchMap":{},"s":{"0":1,"1":1,"2":1,"3":1,"4":1,"5":1,"6":1,"7":1,"8":3,"9":1},"f":{"0":3},"b":{},"inputSourceMap":{"0":"{","1":"\"","2":"v","3":"e","4":"r","5":"s","6":"i","7":"o","8":"n","9":"\"","10":":","11":"3","12":",","13":"\"","14":"s","15":"o","16":"u","17":"r","18":"c","19":"e","20":"s","21":"\"","22":":","23":"[","24":"\"","25":"/","26":"h","27":"o","28":"m","29":"e","30":"/","31":"i","32":"t","33":"/","34":"D","35":"e","36":"s","37":"k","38":"t","39":"o","40":"p","41":"/","42":"V","43":"u","44":"e","45":"/","46":"V","47":"u","48":"e","49":" ","50":"M","51":"a","52":"s","53":"t","54":"e","55":"r","56":"c","57":"l","58":"a","59":"s","60":"s","61":"/","62":"j","63":"o","64":"b","65":"-","66":"s","67":"e","68":"a","69":"r","70":"c","71":"h","72":"/","73":"s","74":"r","75":"c","76":"/","77":"c","78":"o","79":"m","80":"p","81":"o","82":"n","83":"e","84":"n","85":"t","86":"s","87":"/","88":"A","89":"c","90":"t","91":"i","92":"o","93":"n","94":"B","95":"u","96":"t","97":"t","98":"o","99":"n","100":"/","101":"A","102":"c","103":"t","104":"i","105":"o","106":"n","107":"B","108":"u","109":"t","110":"t","111":"o","112":"n","113":".","114":"v","115":"u","116":"e","117":"\"","118":"]","119":",","120":"\"","121":"n","122":"a","123":"m","124":"e","125":"s","126":"\"","127":":","128":"[","129":"]","130":",","131":"\"","132":"m","133":"a","134":"p","135":"p","136":"i","137":"n","138":"g","139":"s","140":"\"","141":":","142":"\"","143":";","144":";","145":";","146":";","147":";","148":";","149":";","150":"e","151":"A","152":"S","153":"e","154":";","155":"E","156":"A","157":"C","158":"b","159":",","160":"I","161":"A","162":"A","163":"I","164":",","165":"E","166":"A","167":"A","168":"E","169":";","170":"A","171":"A","172":"C","173":"R","174":",","175":"C","176":"A","177":"A","178":"C","179":";","180":"A","181":"A","182":"A","183":"A","184":";","185":"A","186":"A","187":"A","188":"A","189":"\"","190":",","191":"\"","192":"f","193":"i","194":"l","195":"e","196":"\"","197":":","198":"\"","199":"/","200":"h","201":"o","202":"m","203":"e","204":"/","205":"i","206":"t","207":"/","208":"D","209":"e","210":"s","211":"k","212":"t","213":"o","214":"p","215":"/","216":"V","217":"u","218":"e","219":"/","220":"V","221":"u","222":"e","223":" ","224":"M","225":"a","226":"s","227":"t","228":"e","229":"r","230":"c","231":"l","232":"a","233":"s","234":"s","235":"/","236":"j","237":"o","238":"b","239":"-","240":"s","241":"e","242":"a","243":"r","244":"c","245":"h","246":"/","247":"s","248":"r","249":"c","250":"/","251":"c","252":"o","253":"m","254":"p","255":"o","256":"n","257":"e","258":"n","259":"t","260":"s","261":"/","262":"A","263":"c","264":"t","265":"i","266":"o","267":"n","268":"B","269":"u","270":"t","271":"t","272":"o","273":"n","274":"/","275":"A","276":"c","277":"t","278":"i","279":"o","280":"n","281":"B","282":"u","283":"t","284":"t","285":"o","286":"n","287":".","288":"v","289":"u","290":"e","291":"\"","292":",","293":"\"","294":"s","295":"o","296":"u","297":"r","298":"c","299":"e","300":"s","301":"C","302":"o","303":"n","304":"t","305":"e","306":"n","307":"t","308":"\"","309":":","310":"[","311":"\"","312":"<","313":"t","314":"e","315":"m","316":"p","317":"l","318":"a","319":"t","320":"e","321":">","322":"\\","323":"n","324":" ","325":" ","326":"<","327":"b","328":"u","329":"t","330":"t","331":"o","332":"n","333":"\\","334":"n","335":" ","336":" ","337":" ","338":" ","339":"c","340":"l","341":"a","342":"s","343":"s","344":"=","345":"\\","346":"\"","347":"p","348":"x","349":"-","350":"5","351":" ","352":"p","353":"y","354":"-","355":"3","356":" ","357":"f","358":"o","359":"n","360":"t","361":"-","362":"m","363":"e","364":"d","365":"i","366":"u","367":"m","368":" ","369":"t","370":"e","371":"x","372":"t","373":"-","374":"w","375":"h","376":"i","377":"t","378":"e","379":" ","380":"b","381":"o","382":"r","383":"d","384":"e","385":"r","386":"-","387":"0","388":" ","389":"r","390":"o","391":"u","392":"n","393":"d","394":"e","395":"d","396":" ","397":"b","398":"g","399":"-","400":"b","401":"r","402":"a","403":"n","404":"d","405":"-","406":"b","407":"l","408":"u","409":"e","410":"-","411":"1","412":" ","413":"h","414":"o","415":"v","416":"e","417":"r","418":":","419":"s","420":"h","421":"a","422":"d","423":"o","424":"w","425":"-","426":"b","427":"l","428":"u","429":"e","430":"\\","431":"\"","432":"\\","433":"n","434":" ","435":" ","436":">","437":"\\","438":"n","439":" ","440":" ","441":" ","442":" ","443":"S","444":"i","445":"g","446":"n","447":" ","448":"i","449":"n","450":"\\","451":"n","452":" ","453":" ","454":"<","455":"/","456":"b","457":"u","458":"t","459":"t","460":"o","461":"n","462":">","463":"\\","464":"n","465":"<","466":"/","467":"t","468":"e","469":"m","470":"p","471":"l","472":"a","473":"t","474":"e","475":">","476":"\\","477":"n","478":"\\","479":"n","480":"<","481":"s","482":"c","483":"r","484":"i","485":"p","486":"t","487":">","488":"\\","489":"n","490":"e","491":"x","492":"p","493":"o","494":"r","495":"t","496":" ","497":"d","498":"e","499":"f","500":"a","501":"u","502":"l","503":"t","504":" ","505":"{","506":"\\","507":"n","508":" ","509":" ","510":"n","511":"a","512":"m","513":"e","514":":","515":" ","516":"\\","517":"\"","518":"A","519":"c","520":"t","521":"i","522":"o","523":"n","524":"B","525":"u","526":"t","527":"t","528":"o","529":"n","530":"\\","531":"\"","532":",","533":"\\","534":"n","535":"}","536":";","537":"\\","538":"n","539":"<","540":"/","541":"s","542":"c","543":"r","544":"i","545":"p","546":"t","547":">","548":"\\","549":"n","550":"\"","551":"]","552":"}"},"_coverageSchema":"1a1c01bbd47fc00a2c39e90264f33305004495a9","hash":"a263bca78ae7813ecd495af1a6a9de44e1184221"}
,"/home/it/Desktop/Vue/Vue Masterclass/job-search/src/components/Header/HeaderComponent.vue": {"path":"/home/it/Desktop/Vue/Vue Masterclass/job-search/src/components/Header/HeaderComponent.vue","statementMap":{"0":{"start":{"line":4,"column":29},"end":{"line":4,"column":156}},"1":{"start":{"line":5,"column":0},"end":{"line":7,"column":3}},"2":{"start":{"line":8,"column":0},"end":{"line":8,"column":25}},"3":{"start":{"line":40,"column":0},"end":{"line":40,"column":13}},"4":{"start":{"line":42,"column":0},"end":{"line":44,"column":3}},"5":{"start":{"line":45,"column":0},"end":{"line":45,"column":24}},"6":{"start":{"line":46,"column":11},"end":{"line":46,"column":25}},"7":{"start":{"line":47,"column":19},"end":{"line":49,"column":1}},"8":{"start":{"line":50,"column":19},"end":{"line":52,"column":1}},"9":{"start":{"line":53,"column":19},"end":{"line":55,"column":1}},"10":{"start":{"line":56,"column":19},"end":{"line":59,"column":1}},"11":{"start":{"line":60,"column":32},"end":{"line":89,"column":26}},"12":{"start":{"line":90,"column":19},"end":{"line":92,"column":1}},"13":{"start":{"line":93,"column":19},"end":{"line":95,"column":1}},"14":{"start":{"line":96,"column":19},"end":{"line":98,"column":1}},"15":{"start":{"line":99,"column":19},"end":{"line":102,"column":1}},"16":{"start":{"line":103,"column":20},"end":{"line":105,"column":1}},"17":{"start":{"line":107,"column":39},"end":{"line":107,"column":86}},"18":{"start":{"line":108,"column":35},"end":{"line":108,"column":78}},"19":{"start":{"line":109,"column":2},"end":{"line":119,"column":14}},"20":{"start":{"line":110,"column":4},"end":{"line":114,"column":107}},"21":{"start":{"line":120,"column":2},"end":{"line":120,"column":49}}},"fnMap":{"0":{"name":"render","decl":{"start":{"line":106,"column":9},"end":{"line":106,"column":15}},"loc":{"start":{"line":106,"column":30},"end":{"line":120,"column":1}},"line":106},"1":{"name":"(anonymous_1)","decl":{"start":{"line":109,"column":560},"end":{"line":109,"column":561}},"loc":{"start":{"line":109,"column":577},"end":{"line":115,"column":3}},"line":109}},"branchMap":{"0":{"loc":{"start":{"line":115,"column":88},"end":{"line":119,"column":5}},"type":"cond-expr","locations":[{"start":{"line":115,"column":107},"end":{"line":117,"column":4}},{"start":{"line":117,"column":9},"end":{"line":119,"column":4}}],"line":115}},"s":{"0":1,"1":1,"2":1,"3":1,"4":1,"5":1,"6":1,"7":1,"8":1,"9":1,"10":1,"11":1,"12":1,"13":1,"14":1,"15":1,"16":1,"17":4,"18":4,"19":4,"20":24,"21":1},"f":{"0":4,"1":24},"b":{"0":[1,3]},"inputSourceMap":{"0":"{","1":"\"","2":"v","3":"e","4":"r","5":"s","6":"i","7":"o","8":"n","9":"\"","10":":","11":"3","12":",","13":"\"","14":"s","15":"o","16":"u","17":"r","18":"c","19":"e","20":"s","21":"\"","22":":","23":"[","24":"\"","25":"/","26":"h","27":"o","28":"m","29":"e","30":"/","31":"i","32":"t","33":"/","34":"D","35":"e","36":"s","37":"k","38":"t","39":"o","40":"p","41":"/","42":"V","43":"u","44":"e","45":"/","46":"V","47":"u","48":"e","49":" ","50":"M","51":"a","52":"s","53":"t","54":"e","55":"r","56":"c","57":"l","58":"a","59":"s","60":"s","61":"/","62":"j","63":"o","64":"b","65":"-","66":"s","67":"e","68":"a","69":"r","70":"c","71":"h","72":"/","73":"s","74":"r","75":"c","76":"/","77":"c","78":"o","79":"m","80":"p","81":"o","82":"n","83":"e","84":"n","85":"t","86":"s","87":"/","88":"H","89":"e","90":"a","91":"d","92":"e","93":"r","94":"/","95":"H","96":"e","97":"a","98":"d","99":"e","100":"r","101":"C","102":"o","103":"m","104":"p","105":"o","106":"n","107":"e","108":"n","109":"t","110":".","111":"v","112":"u","113":"e","114":"\"","115":"]","116":",","117":"\"","118":"n","119":"a","120":"m","121":"e","122":"s","123":"\"","124":":","125":"[","126":"]","127":",","128":"\"","129":"m","130":"a","131":"p","132":"p","133":"i","134":"n","135":"g","136":"s","137":"\"","138":":","139":"\"","140":";","141":";","142":";","143":";","144":";","145":";","146":";","147":";","148":"A","149":"A","150":"u","151":"E","152":"A","153":";","154":"A","155":"A","156":"A","157":"A","158":";","159":"A","160":"A","161":"A","162":"A","163":";","164":"A","165":"A","166":"C","167":"A","168":";","169":"A","170":"A","171":"A","172":"A","173":";","174":"A","175":"A","176":"A","177":"A","178":";","179":"A","180":"A","181":"A","182":"8","183":"E","184":";","185":"A","186":"A","187":"A","188":"A","189":",","190":"e","191":"A","192":"E","193":"/","194":"D","195":";","196":"E","197":"A","198":"C","199":"b","200":",","201":"I","202":"A","203":"A","204":"I","205":",","206":"E","207":"A","208":"A","209":"E","210":",","211":"i","212":"B","213":"A","214":"A","215":"i","216":"B","217":";","218":"E","219":"A","220":"C","221":"v","222":"B","223":",","224":"U","225":"A","226":"A","227":"U","228":",","229":"E","230":"A","231":"A","232":"E","233":";","234":"I","235":"A","236":"C","237":"V","238":",","239":"Y","240":"A","241":"A","242":"Y","243":";","244":"I","245":"A","246":"A","247":"Z","248":";","249":"I","250":"A","251":"A","252":"A","253":";","254":"I","255":"A","256":"A","257":"A","258":";","259":"I","260":"A","261":"A","262":"A","263":",","264":"O","265":"A","266":"A","267":"Y","268":";","269":"I","270":"A","271":"C","272":"Z","273":",","274":"g","275":"B","276":"A","277":"A","278":"g","279":"B","280":";","281":"I","282":"A","283":"A","284":"h","285":"B","286":";","287":"I","288":"A","289":"A","290":"A","291":";","292":"I","293":"A","294":"A","295":"A","296":";","297":"I","298":"A","299":"A","300":"A","301":";","302":"E","303":"A","304":"C","305":"F","306":",","307":"C","308":"A","309":"A","310":"C","311":";","312":"E","313":"A","314":"C","315":"D","316":",","317":"I","318":"A","319":"A","320":"I","321":",","322":"G","323":"A","324":"A","325":"G","326":";","327":"I","328":"A","329":"C","330":"L","331":",","332":"O","333":"A","334":"A","335":"O","336":";","337":"M","338":"A","339":"C","340":"L","341":",","342":"O","343":"A","344":"A","345":"O","346":",","347":"E","348":"A","349":"A","350":"E","351":",","352":"c","353":"A","354":"A","355":"c","356":";","357":"M","358":"A","359":"C","360":"v","361":"B","362":",","363":"S","364":"A","365":"A","366":"S","367":",","368":"E","369":"A","370":"A","371":"E","372":",","373":"C","374":"A","375":"C","376":"T","377":",","378":"O","379":"A","380":"A","381":"O","382":",","383":"E","384":"A","385":"C","386":"P","387":",","388":"W","389":"A","390":"A","391":"W","392":",","393":"E","394":"A","395":"C","396":"X","397":",","398":"c","399":"A","400":"A","401":"c","402":",","403":"E","404":"A","405":"C","406":"d","407":",","408":"a","409":"A","410":"A","411":"a","412":",","413":"E","414":"A","415":"C","416":"b","417":",","418":"U","419":"A","420":"A","421":"U","422":",","423":"E","424":"A","425":"C","426":"V","427":",","428":"M","429":"A","430":"A","431":"M","432":",","433":"C","434":"A","435":"C","436":"P","437":";","438":"M","439":"A","440":"C","441":"D","442":",","443":"U","444":"A","445":"A","446":"U","447":",","448":"E","449":"A","450":"A","451":"E","452":";","453":"I","454":"A","455":"C","456":"d","457":",","458":"C","459":"A","460":"A","461":"C","462":";","463":"E","464":"A","465":"C","466":"H","467":";","468":"A","469":"A","470":"C","471":"F","472":",","473":"C","474":"A","475":"A","476":"C","477":";","478":"A","479":"A","480":"A","481":"A","482":";","483":"A","484":"A","485":"A","486":"A","487":"\"","488":",","489":"\"","490":"f","491":"i","492":"l","493":"e","494":"\"","495":":","496":"\"","497":"/","498":"h","499":"o","500":"m","501":"e","502":"/","503":"i","504":"t","505":"/","506":"D","507":"e","508":"s","509":"k","510":"t","511":"o","512":"p","513":"/","514":"V","515":"u","516":"e","517":"/","518":"V","519":"u","520":"e","521":" ","522":"M","523":"a","524":"s","525":"t","526":"e","527":"r","528":"c","529":"l","530":"a","531":"s","532":"s","533":"/","534":"j","535":"o","536":"b","537":"-","538":"s","539":"e","540":"a","541":"r","542":"c","543":"h","544":"/","545":"s","546":"r","547":"c","548":"/","549":"c","550":"o","551":"m","552":"p","553":"o","554":"n","555":"e","556":"n","557":"t","558":"s","559":"/","560":"H","561":"e","562":"a","563":"d","564":"e","565":"r","566":"/","567":"H","568":"e","569":"a","570":"d","571":"e","572":"r","573":"C","574":"o","575":"m","576":"p","577":"o","578":"n","579":"e","580":"n","581":"t","582":".","583":"v","584":"u","585":"e","586":"\"","587":",","588":"\"","589":"s","590":"o","591":"u","592":"r","593":"c","594":"e","595":"s","596":"C","597":"o","598":"n","599":"t","600":"e","601":"n","602":"t","603":"\"","604":":","605":"[","606":"\"","607":"<","608":"t","609":"e","610":"m","611":"p","612":"l","613":"a","614":"t","615":"e","616":">","617":"\\","618":"n","619":" ","620":" ","621":"<","622":"h","623":"e","624":"a","625":"d","626":"e","627":"r","628":" ","629":"c","630":"l","631":"a","632":"s","633":"s","634":"=","635":"\\","636":"\"","637":"w","638":"-","639":"f","640":"u","641":"l","642":"l","643":" ","644":"t","645":"e","646":"x","647":"t","648":"-","649":"s","650":"m","651":"\\","652":"\"","653":">","654":"\\","655":"n","656":" ","657":" ","658":" ","659":" ","660":"<","661":"d","662":"i","663":"v","664":" ","665":"c","666":"l","667":"a","668":"s","669":"s","670":"=","671":"\\","672":"\"","673":"f","674":"i","675":"x","676":"e","677":"d","678":" ","679":"t","680":"o","681":"p","682":"-","683":"0","684":" ","685":"l","686":"e","687":"f","688":"t","689":"-","690":"0","691":" ","692":"w","693":"-","694":"f","695":"u","696":"l","697":"l","698":" ","699":"h","700":"-","701":"1","702":"6","703":" ","704":"b","705":"g","706":"-","707":"w","708":"h","709":"i","710":"t","711":"e","712":"\\","713":"\"","714":">","715":"\\","716":"n","717":" ","718":" ","719":" ","720":" ","721":" ","722":" ","723":"<","724":"d","725":"i","726":"v","727":"\\","728":"n","729":" ","730":" ","731":" ","732":" ","733":" ","734":" ","735":" ","736":" ","737":"c","738":"l","739":"a","740":"s","741":"s","742":"=","743":"\\","744":"\"","745":"f","746":"l","747":"e","748":"x","749":" ","750":"f","751":"l","752":"e","753":"x","754":"-","755":"n","756":"o","757":"w","758":"r","759":"a","760":"p","761":" ","762":"h","763":"-","764":"f","765":"u","766":"l","767":"l","768":" ","769":"p","770":"x","771":"-","772":"8","773":" ","774":"m","775":"x","776":"-","777":"a","778":"u","779":"t","780":"o","781":" ","782":"b","783":"o","784":"r","785":"d","786":"e","787":"r","788":"-","789":"b","790":" ","791":"b","792":"o","793":"r","794":"d","795":"e","796":"r","797":"-","798":"s","799":"o","800":"l","801":"i","802":"d","803":" ","804":"b","805":"o","806":"r","807":"d","808":"e","809":"r","810":"-","811":"b","812":"r","813":"a","814":"n","815":"d","816":"-","817":"g","818":"r","819":"a","820":"y","821":"-","822":"1","823":"\\","824":"\"","825":"\\","826":"n","827":" ","828":" ","829":" ","830":" ","831":" ","832":" ","833":">","834":"\\","835":"n","836":" ","837":" ","838":" ","839":" ","840":" ","841":" ","842":" ","843":" ","844":"<","845":"a","846":" ","847":"h","848":"r","849":"e","850":"f","851":"=","852":"\\","853":"\"","854":"/","855":"\\","856":"\"","857":" ","858":"c","859":"l","860":"a","861":"s","862":"s","863":"=","864":"\\","865":"\"","866":"l","867":"o","868":"g","869":"o","870":" ","871":"h","872":"-","873":"f","874":"u","875":"l","876":"l","877":" ","878":"f","879":"l","880":"e","881":"x","882":" ","883":"i","884":"t","885":"e","886":"m","887":"s","888":"-","889":"c","890":"e","891":"n","892":"t","893":"e","894":"r","895":" ","896":"f","897":"l","898":"e","899":"x","900":"-","901":"n","902":"o","903":"w","904":"r","905":"a","906":"p","907":"\\","908":"\"","909":">","910":"\\","911":"n","912":" ","913":" ","914":" ","915":" ","916":" ","917":" ","918":" ","919":" ","920":" ","921":" ","922":"<","923":"s","924":"p","925":"a","926":"n","927":" ","928":"c","929":"l","930":"a","931":"s","932":"s","933":"=","934":"\\","935":"\"","936":"i","937":"c","938":"o","939":"n","940":" ","941":"h","942":"i","943":"d","944":"d","945":"e","946":"n","947":"\\","948":"\"","949":">","950":"\\","951":"n","952":" ","953":" ","954":" ","955":" ","956":" ","957":" ","958":" ","959":" ","960":" ","961":" ","962":" ","963":" ","964":"<","965":"s","966":"v","967":"g","968":"\\","969":"n","970":" ","971":" ","972":" ","973":" ","974":" ","975":" ","976":" ","977":" ","978":" ","979":" ","980":" ","981":" ","982":" ","983":" ","984":"a","985":"l","986":"t","987":"=","988":"\\","989":"\"","990":"g","991":"o","992":"o","993":"g","994":"l","995":"e","996":"-","997":"l","998":"o","999":"g","1000":"o","1001":"-","1002":"i","1003":"c","1004":"o","1005":"n","1006":"\\","1007":"\"","1008":"\\","1009":"n","1010":" ","1011":" ","1012":" ","1013":" ","1014":" ","1015":" ","1016":" ","1017":" ","1018":" ","1019":" ","1020":" ","1021":" ","1022":" ","1023":" ","1024":"w","1025":"i","1026":"d","1027":"t","1028":"h","1029":"=","1030":"\\","1031":"\"","1032":"1","1033":"0","1034":"0","1035":"%","1036":"\\","1037":"\"","1038":"\\","1039":"n","1040":" ","1041":" ","1042":" ","1043":" ","1044":" ","1045":" ","1046":" ","1047":" ","1048":" ","1049":" ","1050":" ","1051":" ","1052":" ","1053":" ","1054":"h","1055":"e","1056":"i","1057":"g","1058":"h","1059":"t","1060":"=","1061":"\\","1062":"\"","1063":"1","1064":"0","1065":"0","1066":"%","1067":"\\","1068":"\"","1069":"\\","1070":"n","1071":" ","1072":" ","1073":" ","1074":" ","1075":" ","1076":" ","1077":" ","1078":" ","1079":" ","1080":" ","1081":" ","1082":" ","1083":" ","1084":" ","1085":"v","1086":"i","1087":"e","1088":"w","1089":"B","1090":"o","1091":"x","1092":"=","1093":"\\","1094":"\"","1095":"0","1096":" ","1097":"0","1098":" ","1099":"7","1100":"4","1101":" ","1102":"2","1103":"4","1104":"\\","1105":"\"","1106":"\\","1107":"n","1108":" ","1109":" ","1110":" ","1111":" ","1112":" ","1113":" ","1114":" ","1115":" ","1116":" ","1117":" ","1118":" ","1119":" ","1120":" ","1121":" ","1122":"r","1123":"o","1124":"l","1125":"e","1126":"=","1127":"\\","1128":"\"","1129":"i","1130":"m","1131":"g","1132":"\\","1133":"\"","1134":"\\","1135":"n","1136":" ","1137":" ","1138":" ","1139":" ","1140":" ","1141":" ","1142":" ","1143":" ","1144":" ","1145":" ","1146":" ","1147":" ","1148":" ","1149":" ","1150":"x","1151":"m","1152":"l","1153":"n","1154":"s","1155":"=","1156":"\\","1157":"\"","1158":"h","1159":"t","1160":"t","1161":"p","1162":":","1163":"/","1164":"/","1165":"w","1166":"w","1167":"w","1168":".","1169":"w","1170":"3","1171":".","1172":"o","1173":"r","1174":"g","1175":"/","1176":"2","1177":"0","1178":"0","1179":"0","1180":"/","1181":"s","1182":"v","1183":"g","1184":"\\","1185":"\"","1186":"\\","1187":"n","1188":" ","1189":" ","1190":" ","1191":" ","1192":" ","1193":" ","1194":" ","1195":" ","1196":" ","1197":" ","1198":" ","1199":" ","1200":" ","1201":" ","1202":"c","1203":"l","1204":"a","1205":"s","1206":"s","1207":"=","1208":"\\","1209":"\"","1210":"l","1211":"o","1212":"g","1213":"o","1214":"-","1215":"i","1216":"c","1217":"o","1218":"n","1219":"\\","1220":"\"","1221":"\\","1222":"n","1223":" ","1224":" ","1225":" ","1226":" ","1227":" ","1228":" ","1229":" ","1230":" ","1231":" ","1232":" ","1233":" ","1234":" ","1235":" ","1236":" ","1237":"a","1238":"r","1239":"i","1240":"a","1241":"-","1242":"h","1243":"i","1244":"d","1245":"d","1246":"e","1247":"n","1248":"=","1249":"\\","1250":"\"","1251":"t","1252":"r","1253":"u","1254":"e","1255":"\\","1256":"\"","1257":"\\","1258":"n","1259":" ","1260":" ","1261":" ","1262":" ","1263":" ","1264":" ","1265":" ","1266":" ","1267":" ","1268":" ","1269":" ","1270":" ","1271":">","1272":"\\","1273":"n","1274":" ","1275":" ","1276":" ","1277":" ","1278":" ","1279":" ","1280":" ","1281":" ","1282":" ","1283":" ","1284":" ","1285":" ","1286":" ","1287":" ","1288":"<","1289":"g","1290":">","1291":"\\","1292":"n","1293":" ","1294":" ","1295":" ","1296":" ","1297":" ","1298":" ","1299":" ","1300":" ","1301":" ","1302":" ","1303":" ","1304":" ","1305":" ","1306":" ","1307":" ","1308":" ","1309":"<","1310":"p","1311":"a","1312":"t","1313":"h","1314":"\\","1315":"n","1316":" ","1317":" ","1318":" ","1319":" ","1320":" ","1321":" ","1322":" ","1323":" ","1324":" ","1325":" ","1326":" ","1327":" ","1328":" ","1329":" ","1330":" ","1331":" ","1332":" ","1333":" ","1334":"f","1335":"i","1336":"l","1337":"l","1338":"=","1339":"\\","1340":"\"","1341":"#","1342":"4","1343":"2","1344":"8","1345":"5","1346":"F","1347":"4","1348":"\\","1349":"\"","1350":"\\","1351":"n","1352":" ","1353":" ","1354":" ","1355":" ","1356":" ","1357":" ","1358":" ","1359":" ","1360":" ","1361":" ","1362":" ","1363":" ","1364":" ","1365":" ","1366":" ","1367":" ","1368":" ","1369":" ","1370":"d","1371":"=","1372":"\\","1373":"\"","1374":"M","1375":"9","1376":".","1377":"2","1378":"4","1379":" ","1380":"8","1381":".","1382":"1","1383":"9","1384":"v","1385":"2","1386":".","1387":"4","1388":"6","1389":"h","1390":"5","1391":".","1392":"8","1393":"8","1394":"c","1395":"-","1396":".","1397":"1","1398":"8","1399":" ","1400":"1","1401":".","1402":"3","1403":"8","1404":"-","1405":".","1406":"6","1407":"4","1408":" ","1409":"2","1410":".","1411":"3","1412":"9","1413":"-","1414":"1","1415":".","1416":"3","1417":"4","1418":" ","1419":"3","1420":".","1421":"1","1422":"-","1423":".","1424":"8","1425":"6","1426":".","1427":"8","1428":"6","1429":"-","1430":"2","1431":".","1432":"2","1433":" ","1434":"1","1435":".","1436":"8","1437":"-","1438":"4","1439":".","1440":"5","1441":"4","1442":" ","1443":"1","1444":".","1445":"8","1446":"-","1447":"3","1448":".","1449":"6","1450":"2","1451":" ","1452":"0","1453":"-","1454":"6","1455":".","1456":"4","1457":"5","1458":"-","1459":"2","1460":".","1461":"9","1462":"2","1463":"-","1464":"6","1465":".","1466":"4","1467":"5","1468":"-","1469":"6","1470":".","1471":"5","1472":"4","1473":"s","1474":"2","1475":".","1476":"8","1477":"3","1478":"-","1479":"6","1480":".","1481":"5","1482":"4","1483":" ","1484":"6","1485":".","1486":"4","1487":"5","1488":"-","1489":"6","1490":".","1491":"5","1492":"4","1493":"c","1494":"1","1495":".","1496":"9","1497":"5","1498":" ","1499":"0","1500":" ","1501":"3","1502":".","1503":"3","1504":"8","1505":".","1506":"7","1507":"7","1508":" ","1509":"4","1510":".","1511":"4","1512":"3","1513":" ","1514":"1","1515":".","1516":"7","1517":"6","1518":"L","1519":"1","1520":"5","1521":".","1522":"4","1523":" ","1524":"2","1525":".","1526":"5","1527":"C","1528":"1","1529":"3","1530":".","1531":"9","1532":"4","1533":" ","1534":"1","1535":".","1536":"0","1537":"8","1538":" ","1539":"1","1540":"1","1541":".","1542":"9","1543":"8","1544":" ","1545":"0","1546":" ","1547":"9","1548":".","1549":"2","1550":"4","1551":" ","1552":"0","1553":" ","1554":"4","1555":".","1556":"2","1557":"8","1558":" ","1559":"0","1560":" ","1561":".","1562":"1","1563":"1","1564":" ","1565":"4","1566":".","1567":"0","1568":"4","1569":".","1570":"1","1571":"1","1572":" ","1573":"9","1574":"s","1575":"4","1576":".","1577":"1","1578":"7","1579":" ","1580":"9","1581":" ","1582":"9","1583":".","1584":"1","1585":"3","1586":" ","1587":"9","1588":"c","1589":"2","1590":".","1591":"6","1592":"8","1593":" ","1594":"0","1595":" ","1596":"4","1597":".","1598":"7","1599":"-","1600":".","1601":"8","1602":"8","1603":" ","1604":"6","1605":".","1606":"2","1607":"8","1608":"-","1609":"2","1610":".","1611":"5","1612":"2","1613":" ","1614":"1","1615":".","1616":"6","1617":"2","1618":"-","1619":"1","1620":".","1621":"6","1622":"2","1623":" ","1624":"2","1625":".","1626":"1","1627":"3","1628":"-","1629":"3","1630":".","1631":"9","1632":"1","1633":" ","1634":"2","1635":".","1636":"1","1637":"3","1638":"-","1639":"5","1640":".","1641":"7","1642":"5","1643":" ","1644":"0","1645":"-","1646":".","1647":"5","1648":"7","1649":"-","1650":".","1651":"0","1652":"4","1653":"-","1654":"1","1655":".","1656":"1","1657":"-","1658":".","1659":"1","1660":"3","1661":"-","1662":"1","1663":".","1664":"5","1665":"4","1666":"H","1667":"9","1668":".","1669":"2","1670":"4","1671":"z","1672":"\\","1673":"\"","1674":"\\","1675":"n","1676":" ","1677":" ","1678":" ","1679":" ","1680":" ","1681":" ","1682":" ","1683":" ","1684":" ","1685":" ","1686":" ","1687":" ","1688":" ","1689":" ","1690":" ","1691":" ","1692":">","1693":"<","1694":"/","1695":"p","1696":"a","1697":"t","1698":"h","1699":">","1700":"\\","1701":"n","1702":" ","1703":" ","1704":" ","1705":" ","1706":" ","1707":" ","1708":" ","1709":" ","1710":" ","1711":" ","1712":" ","1713":" ","1714":" ","1715":" ","1716":" ","1717":" ","1718":"<","1719":"p","1720":"a","1721":"t","1722":"h","1723":"\\","1724":"n","1725":" ","1726":" ","1727":" ","1728":" ","1729":" ","1730":" ","1731":" ","1732":" ","1733":" ","1734":" ","1735":" ","1736":" ","1737":" ","1738":" ","1739":" ","1740":" ","1741":" ","1742":" ","1743":"f","1744":"i","1745":"l","1746":"l","1747":"=","1748":"\\","1749":"\"","1750":"#","1751":"E","1752":"A","1753":"4","1754":"3","1755":"3","1756":"5","1757":"\\","1758":"\"","1759":"\\","1760":"n","1761":" ","1762":" ","1763":" ","1764":" ","1765":" ","1766":" ","1767":" ","1768":" ","1769":" ","1770":" ","1771":" ","1772":" ","1773":" ","1774":" ","1775":" ","1776":" ","1777":" ","1778":" ","1779":"d","1780":"=","1781":"\\","1782":"\"","1783":"M","1784":"2","1785":"5","1786":" ","1787":"6","1788":".","1789":"1","1790":"9","1791":"c","1792":"-","1793":"3","1794":".","1795":"2","1796":"1","1797":" ","1798":"0","1799":"-","1800":"5","1801":".","1802":"8","1803":"3","1804":" ","1805":"2","1806":".","1807":"4","1808":"4","1809":"-","1810":"5","1811":".","1812":"8","1813":"3","1814":" ","1815":"5","1816":".","1817":"8","1818":"1","1819":" ","1820":"0","1821":" ","1822":"3","1823":".","1824":"3","1825":"4","1826":" ","1827":"2","1828":".","1829":"6","1830":"2","1831":" ","1832":"5","1833":".","1834":"8","1835":"1","1836":" ","1837":"5","1838":".","1839":"8","1840":"3","1841":" ","1842":"5","1843":".","1844":"8","1845":"1","1846":"s","1847":"5","1848":".","1849":"8","1850":"3","1851":"-","1852":"2","1853":".","1854":"4","1855":"6","1856":" ","1857":"5","1858":".","1859":"8","1860":"3","1861":"-","1862":"5","1863":".","1864":"8","1865":"1","1866":"c","1867":"0","1868":"-","1869":"3","1870":".","1871":"3","1872":"7","1873":"-","1874":"2","1875":".","1876":"6","1877":"2","1878":"-","1879":"5","1880":".","1881":"8","1882":"1","1883":"-","1884":"5","1885":".","1886":"8","1887":"3","1888":"-","1889":"5","1890":".","1891":"8","1892":"1","1893":"z","1894":"m","1895":"0","1896":" ","1897":"9","1898":".","1899":"3","1900":"3","1901":"c","1902":"-","1903":"1","1904":".","1905":"7","1906":"6","1907":" ","1908":"0","1909":"-","1910":"3","1911":".","1912":"2","1913":"8","1914":"-","1915":"1","1916":".","1917":"4","1918":"5","1919":"-","1920":"3","1921":".","1922":"2","1923":"8","1924":"-","1925":"3","1926":".","1927":"5","1928":"2","1929":" ","1930":"0","1931":"-","1932":"2","1933":".","1934":"0","1935":"9","1936":" ","1937":"1","1938":".","1939":"5","1940":"2","1941":"-","1942":"3","1943":".","1944":"5","1945":"2","1946":" ","1947":"3","1948":".","1949":"2","1950":"8","1951":"-","1952":"3","1953":".","1954":"5","1955":"2","1956":"s","1957":"3","1958":".","1959":"2","1960":"8","1961":" ","1962":"1","1963":".","1964":"4","1965":"3","1966":" ","1967":"3","1968":".","1969":"2","1970":"8","1971":" ","1972":"3","1973":".","1974":"5","1975":"2","1976":"c","1977":"0","1978":" ","1979":"2","1980":".","1981":"0","1982":"7","1983":"-","1984":"1","1985":".","1986":"5","1987":"2","1988":" ","1989":"3","1990":".","1991":"5","1992":"2","1993":"-","1994":"3","1995":".","1996":"2","1997":"8","1998":" ","1999":"3","2000":".","2001":"5","2002":"2","2003":"z","2004":"\\","2005":"\"","2006":"\\","2007":"n","2008":" ","2009":" ","2010":" ","2011":" ","2012":" ","2013":" ","2014":" ","2015":" ","2016":" ","2017":" ","2018":" ","2019":" ","2020":" ","2021":" ","2022":" ","2023":" ","2024":">","2025":"<","2026":"/","2027":"p","2028":"a","2029":"t","2030":"h","2031":">","2032":"\\","2033":"n","2034":" ","2035":" ","2036":" ","2037":" ","2038":" ","2039":" ","2040":" ","2041":" ","2042":" ","2043":" ","2044":" ","2045":" ","2046":" ","2047":" ","2048":" ","2049":" ","2050":"<","2051":"p","2052":"a","2053":"t","2054":"h","2055":"\\","2056":"n","2057":" ","2058":" ","2059":" ","2060":" ","2061":" ","2062":" ","2063":" ","2064":" ","2065":" ","2066":" ","2067":" ","2068":" ","2069":" ","2070":" ","2071":" ","2072":" ","2073":" ","2074":" ","2075":"f","2076":"i","2077":"l","2078":"l","2079":"=","2080":"\\","2081":"\"","2082":"#","2083":"4","2084":"2","2085":"8","2086":"5","2087":"F","2088":"4","2089":"\\","2090":"\"","2091":"\\","2092":"n","2093":" ","2094":" ","2095":" ","2096":" ","2097":" ","2098":" ","2099":" ","2100":" ","2101":" ","2102":" ","2103":" ","2104":" ","2105":" ","2106":" ","2107":" ","2108":" ","2109":" ","2110":" ","2111":"d","2112":"=","2113":"\\","2114":"\"","2115":"M","2116":"5","2117":"3","2118":".","2119":"5","2120":"8","2121":" ","2122":"7","2123":".","2124":"4","2125":"9","2126":"h","2127":"-","2128":".","2129":"0","2130":"9","2131":"c","2132":"-","2133":".","2134":"5","2135":"7","2136":"-","2137":".","2138":"6","2139":"8","2140":"-","2141":"1","2142":".","2143":"6","2144":"7","2145":"-","2146":"1","2147":".","2148":"3","2149":"-","2150":"3","2151":".","2152":"0","2153":"6","2154":"-","2155":"1","2156":".","2157":"3","2158":"C","2159":"4","2160":"7","2161":".","2162":"5","2163":"3","2164":" ","2165":"6","2166":".","2167":"1","2168":"9","2169":" ","2170":"4","2171":"5","2172":" ","2173":"8","2174":".","2175":"7","2176":"2","2177":" ","2178":"4","2179":"5","2180":" ","2181":"1","2182":"2","2183":"c","2184":"0","2185":" ","2186":"3","2187":".","2188":"2","2189":"6","2190":" ","2191":"2","2192":".","2193":"5","2194":"3","2195":" ","2196":"5","2197":".","2198":"8","2199":"1","2200":" ","2201":"5","2202":".","2203":"4","2204":"3","2205":" ","2206":"5","2207":".","2208":"8","2209":"1","2210":" ","2211":"1","2212":".","2213":"3","2214":"9","2215":" ","2216":"0","2217":" ","2218":"2","2219":".","2220":"4","2221":"9","2222":"-","2223":".","2224":"6","2225":"2","2226":" ","2227":"3","2228":".","2229":"0","2230":"6","2231":"-","2232":"1","2233":".","2234":"3","2235":"2","2236":"h","2237":".","2238":"0","2239":"9","2240":"v","2241":".","2242":"8","2243":"1","2244":"c","2245":"0","2246":" ","2247":"2","2248":".","2249":"2","2250":"2","2251":"-","2252":"1","2253":".","2254":"1","2255":"9","2256":" ","2257":"3","2258":".","2259":"4","2260":"1","2261":"-","2262":"3","2263":".","2264":"1","2265":" ","2266":"3","2267":".","2268":"4","2269":"1","2270":"-","2271":"1","2272":".","2273":"5","2274":"6","2275":" ","2276":"0","2277":"-","2278":"2","2279":".","2280":"5","2281":"3","2282":"-","2283":"1","2284":".","2285":"1","2286":"2","2287":"-","2288":"2","2289":".","2290":"9","2291":"3","2292":"-","2293":"2","2294":".","2295":"0","2296":"7","2297":"l","2298":"-","2299":"2","2300":".","2301":"2","2302":"2","2303":".","2304":"9","2305":"2","2306":"c","2307":".","2308":"6","2309":"4","2310":" ","2311":"1","2312":".","2313":"5","2314":"4","2315":" ","2316":"2","2317":".","2318":"3","2319":"3","2320":" ","2321":"3","2322":".","2323":"4","2324":"3","2325":" ","2326":"5","2327":".","2328":"1","2329":"5","2330":" ","2331":"3","2332":".","2333":"4","2334":"3","2335":" ","2336":"2","2337":".","2338":"9","2339":"9","2340":" ","2341":"0","2342":" ","2343":"5","2344":".","2345":"5","2346":"2","2347":"-","2348":"1","2349":".","2350":"7","2351":"6","2352":" ","2353":"5","2354":".","2355":"5","2356":"2","2357":"-","2358":"6","2359":".","2360":"0","2361":"5","2362":"V","2363":"6","2364":".","2365":"4","2366":"9","2367":"h","2368":"-","2369":"2","2370":".","2371":"4","2372":"2","2373":"v","2374":"1","2375":"z","2376":"m","2377":"-","2378":"2","2379":".","2380":"9","2381":"3","2382":" ","2383":"8","2384":".","2385":"0","2386":"3","2387":"c","2388":"-","2389":"1","2390":".","2391":"7","2392":"6","2393":" ","2394":"0","2395":"-","2396":"3","2397":".","2398":"1","2399":"-","2400":"1","2401":".","2402":"5","2403":"-","2404":"3","2405":".","2406":"1","2407":"-","2408":"3","2409":".","2410":"5","2411":"2","2412":" ","2413":"0","2414":"-","2415":"2","2416":".","2417":"0","2418":"5","2419":" ","2420":"1","2421":".","2422":"3","2423":"4","2424":"-","2425":"3","2426":".","2427":"5","2428":"2","2429":" ","2430":"3","2431":".","2432":"1","2433":"-","2434":"3","2435":".","2436":"5","2437":"2","2438":" ","2439":"1","2440":".","2441":"7","2442":"4","2443":" ","2444":"0","2445":" ","2446":"3","2447":".","2448":"1","2449":" ","2450":"1","2451":".","2452":"5","2453":" ","2454":"3","2455":".","2456":"1","2457":" ","2458":"3","2459":".","2460":"5","2461":"4","2462":".","2463":"0","2464":"1","2465":" ","2466":"2","2467":".","2468":"0","2469":"3","2470":"-","2471":"1","2472":".","2473":"3","2474":"6","2475":" ","2476":"3","2477":".","2478":"5","2479":"-","2480":"3","2481":".","2482":"1","2483":" ","2484":"3","2485":".","2486":"5","2487":"z","2488":"\\","2489":"\"","2490":"\\","2491":"n","2492":" ","2493":" ","2494":" ","2495":" ","2496":" ","2497":" ","2498":" ","2499":" ","2500":" ","2501":" ","2502":" ","2503":" ","2504":" ","2505":" ","2506":" ","2507":" ","2508":">","2509":"<","2510":"/","2511":"p","2512":"a","2513":"t","2514":"h","2515":">","2516":"\\","2517":"n","2518":" ","2519":" ","2520":" ","2521":" ","2522":" ","2523":" ","2524":" ","2525":" ","2526":" ","2527":" ","2528":" ","2529":" ","2530":" ","2531":" ","2532":" ","2533":" ","2534":"<","2535":"p","2536":"a","2537":"t","2538":"h","2539":"\\","2540":"n","2541":" ","2542":" ","2543":" ","2544":" ","2545":" ","2546":" ","2547":" ","2548":" ","2549":" ","2550":" ","2551":" ","2552":" ","2553":" ","2554":" ","2555":" ","2556":" ","2557":" ","2558":" ","2559":"f","2560":"i","2561":"l","2562":"l","2563":"=","2564":"\\","2565":"\"","2566":"#","2567":"F","2568":"B","2569":"B","2570":"C","2571":"0","2572":"5","2573":"\\","2574":"\"","2575":"\\","2576":"n","2577":" ","2578":" ","2579":" ","2580":" ","2581":" ","2582":" ","2583":" ","2584":" ","2585":" ","2586":" ","2587":" ","2588":" ","2589":" ","2590":" ","2591":" ","2592":" ","2593":" ","2594":" ","2595":"d","2596":"=","2597":"\\","2598":"\"","2599":"M","2600":"3","2601":"8","2602":" ","2603":"6","2604":".","2605":"1","2606":"9","2607":"c","2608":"-","2609":"3","2610":".","2611":"2","2612":"1","2613":" ","2614":"0","2615":"-","2616":"5","2617":".","2618":"8","2619":"3","2620":" ","2621":"2","2622":".","2623":"4","2624":"4","2625":"-","2626":"5","2627":".","2628":"8","2629":"3","2630":" ","2631":"5","2632":".","2633":"8","2634":"1","2635":" ","2636":"0","2637":" ","2638":"3","2639":".","2640":"3","2641":"4","2642":" ","2643":"2","2644":".","2645":"6","2646":"2","2647":" ","2648":"5","2649":".","2650":"8","2651":"1","2652":" ","2653":"5","2654":".","2655":"8","2656":"3","2657":" ","2658":"5","2659":".","2660":"8","2661":"1","2662":"s","2663":"5","2664":".","2665":"8","2666":"3","2667":"-","2668":"2","2669":".","2670":"4","2671":"6","2672":" ","2673":"5","2674":".","2675":"8","2676":"3","2677":"-","2678":"5","2679":".","2680":"8","2681":"1","2682":"c","2683":"0","2684":"-","2685":"3","2686":".","2687":"3","2688":"7","2689":"-","2690":"2","2691":".","2692":"6","2693":"2","2694":"-","2695":"5","2696":".","2697":"8","2698":"1","2699":"-","2700":"5","2701":".","2702":"8","2703":"3","2704":"-","2705":"5","2706":".","2707":"8","2708":"1","2709":"z","2710":"m","2711":"0","2712":" ","2713":"9","2714":".","2715":"3","2716":"3","2717":"c","2718":"-","2719":"1","2720":".","2721":"7","2722":"6","2723":" ","2724":"0","2725":"-","2726":"3","2727":".","2728":"2","2729":"8","2730":"-","2731":"1","2732":".","2733":"4","2734":"5","2735":"-","2736":"3","2737":".","2738":"2","2739":"8","2740":"-","2741":"3","2742":".","2743":"5","2744":"2","2745":" ","2746":"0","2747":"-","2748":"2","2749":".","2750":"0","2751":"9","2752":" ","2753":"1","2754":".","2755":"5","2756":"2","2757":"-","2758":"3","2759":".","2760":"5","2761":"2","2762":" ","2763":"3","2764":".","2765":"2","2766":"8","2767":"-","2768":"3","2769":".","2770":"5","2771":"2","2772":"s","2773":"3","2774":".","2775":"2","2776":"8","2777":" ","2778":"1","2779":".","2780":"4","2781":"3","2782":" ","2783":"3","2784":".","2785":"2","2786":"8","2787":" ","2788":"3","2789":".","2790":"5","2791":"2","2792":"c","2793":"0","2794":" ","2795":"2","2796":".","2797":"0","2798":"7","2799":"-","2800":"1","2801":".","2802":"5","2803":"2","2804":" ","2805":"3","2806":".","2807":"5","2808":"2","2809":"-","2810":"3","2811":".","2812":"2","2813":"8","2814":" ","2815":"3","2816":".","2817":"5","2818":"2","2819":"z","2820":"\\","2821":"\"","2822":"\\","2823":"n","2824":" ","2825":" ","2826":" ","2827":" ","2828":" ","2829":" ","2830":" ","2831":" ","2832":" ","2833":" ","2834":" ","2835":" ","2836":" ","2837":" ","2838":" ","2839":" ","2840":">","2841":"<","2842":"/","2843":"p","2844":"a","2845":"t","2846":"h","2847":">","2848":"\\","2849":"n","2850":" ","2851":" ","2852":" ","2853":" ","2854":" ","2855":" ","2856":" ","2857":" ","2858":" ","2859":" ","2860":" ","2861":" ","2862":" ","2863":" ","2864":" ","2865":" ","2866":"<","2867":"p","2868":"a","2869":"t","2870":"h","2871":" ","2872":"f","2873":"i","2874":"l","2875":"l","2876":"=","2877":"\\","2878":"\"","2879":"#","2880":"3","2881":"4","2882":"A","2883":"8","2884":"5","2885":"3","2886":"\\","2887":"\"","2888":" ","2889":"d","2890":"=","2891":"\\","2892":"\"","2893":"M","2894":"5","2895":"8","2896":" ","2897":".","2898":"2","2899":"4","2900":"h","2901":"2","2902":".","2903":"5","2904":"1","2905":"v","2906":"1","2907":"7","2908":".","2909":"5","2910":"7","2911":"H","2912":"5","2913":"8","2914":"z","2915":"\\","2916":"\"","2917":">","2918":"<","2919":"/","2920":"p","2921":"a","2922":"t","2923":"h","2924":">","2925":"\\","2926":"n","2927":" ","2928":" ","2929":" ","2930":" ","2931":" ","2932":" ","2933":" ","2934":" ","2935":" ","2936":" ","2937":" ","2938":" ","2939":" ","2940":" ","2941":" ","2942":" ","2943":"<","2944":"p","2945":"a","2946":"t","2947":"h","2948":"\\","2949":"n","2950":" ","2951":" ","2952":" ","2953":" ","2954":" ","2955":" ","2956":" ","2957":" ","2958":" ","2959":" ","2960":" ","2961":" ","2962":" ","2963":" ","2964":" ","2965":" ","2966":" ","2967":" ","2968":"f","2969":"i","2970":"l","2971":"l","2972":"=","2973":"\\","2974":"\"","2975":"#","2976":"E","2977":"A","2978":"4","2979":"3","2980":"3","2981":"5","2982":"\\","2983":"\"","2984":"\\","2985":"n","2986":" ","2987":" ","2988":" ","2989":" ","2990":" ","2991":" ","2992":" ","2993":" ","2994":" ","2995":" ","2996":" ","2997":" ","2998":" ","2999":" ","3000":" ","3001":" ","3002":" ","3003":" ","3004":"d","3005":"=","3006":"\\","3007":"\"","3008":"M","3009":"6","3010":"8","3011":".","3012":"2","3013":"6","3014":" ","3015":"1","3016":"5","3017":".","3018":"5","3019":"2","3020":"c","3021":"-","3022":"1","3023":".","3024":"3","3025":" ","3026":"0","3027":"-","3028":"2","3029":".","3030":"2","3031":"2","3032":"-","3033":".","3034":"5","3035":"9","3036":"-","3037":"2","3038":".","3039":"8","3040":"2","3041":"-","3042":"1","3043":".","3044":"7","3045":"6","3046":"l","3047":"7","3048":".","3049":"7","3050":"7","3051":"-","3052":"3","3053":".","3054":"2","3055":"1","3056":"-","3057":".","3058":"2","3059":"6","3060":"-","3061":".","3062":"6","3063":"6","3064":"c","3065":"-","3066":".","3067":"4","3068":"8","3069":"-","3070":"1","3071":".","3072":"3","3073":"-","3074":"1","3075":".","3076":"9","3077":"6","3078":"-","3079":"3","3080":".","3081":"7","3082":"-","3083":"4","3084":".","3085":"9","3086":"7","3087":"-","3088":"3","3089":".","3090":"7","3091":"-","3092":"2","3093":".","3094":"9","3095":"9","3096":" ","3097":"0","3098":"-","3099":"5","3100":".","3101":"4","3102":"8","3103":" ","3104":"2","3105":".","3106":"3","3107":"5","3108":"-","3109":"5","3110":".","3111":"4","3112":"8","3113":" ","3114":"5","3115":".","3116":"8","3117":"1","3118":" ","3119":"0","3120":" ","3121":"3","3122":".","3123":"2","3124":"6","3125":" ","3126":"2","3127":".","3128":"4","3129":"6","3130":" ","3131":"5","3132":".","3133":"8","3134":"1","3135":" ","3136":"5","3137":".","3138":"7","3139":"6","3140":" ","3141":"5","3142":".","3143":"8","3144":"1","3145":" ","3146":"2","3147":".","3148":"6","3149":"6","3150":" ","3151":"0","3152":" ","3153":"4","3154":".","3155":"2","3156":"-","3157":"1","3158":".","3159":"6","3160":"3","3161":" ","3162":"4","3163":".","3164":"8","3165":"4","3166":"-","3167":"2","3168":".","3169":"5","3170":"7","3171":"l","3172":"-","3173":"1","3174":".","3175":"9","3176":"8","3177":"-","3178":"1","3179":".","3180":"3","3181":"2","3182":"c","3183":"-","3184":".","3185":"6","3186":"6","3187":".","3188":"9","3189":"6","3190":"-","3191":"1","3192":".","3193":"5","3194":"6","3195":" ","3196":"1","3197":".","3198":"6","3199":"-","3200":"2","3201":".","3202":"8","3203":"6","3204":" ","3205":"1","3206":".","3207":"6","3208":"z","3209":"m","3210":"-","3211":".","3212":"1","3213":"8","3214":"-","3215":"7","3216":".","3217":"1","3218":"5","3219":"c","3220":"1","3221":".","3222":"0","3223":"3","3224":" ","3225":"0","3226":" ","3227":"1","3228":".","3229":"9","3230":"1","3231":".","3232":"5","3233":"3","3234":" ","3235":"2","3236":".","3237":"2","3238":" ","3239":"1","3240":".","3241":"2","3242":"8","3243":"l","3244":"-","3245":"5","3246":".","3247":"2","3248":"5","3249":" ","3250":"2","3251":".","3252":"1","3253":"7","3254":"c","3255":"0","3256":"-","3257":"2","3258":".","3259":"4","3260":"4","3261":" ","3262":"1","3263":".","3264":"7","3265":"3","3266":"-","3267":"3","3268":".","3269":"4","3270":"5","3271":" ","3272":"3","3273":".","3274":"0","3275":"5","3276":"-","3277":"3","3278":".","3279":"4","3280":"5","3281":"z","3282":"\\","3283":"\"","3284":"\\","3285":"n","3286":" ","3287":" ","3288":" ","3289":" ","3290":" ","3291":" ","3292":" ","3293":" ","3294":" ","3295":" ","3296":" ","3297":" ","3298":" ","3299":" ","3300":" ","3301":" ","3302":">","3303":"<","3304":"/","3305":"p","3306":"a","3307":"t","3308":"h","3309":">","3310":"\\","3311":"n","3312":" ","3313":" ","3314":" ","3315":" ","3316":" ","3317":" ","3318":" ","3319":" ","3320":" ","3321":" ","3322":" ","3323":" ","3324":" ","3325":" ","3326":"<","3327":"/","3328":"g","3329":">","3330":"\\","3331":"n","3332":" ","3333":" ","3334":" ","3335":" ","3336":" ","3337":" ","3338":" ","3339":" ","3340":" ","3341":" ","3342":" ","3343":" ","3344":"<","3345":"/","3346":"s","3347":"v","3348":"g","3349":">","3350":"\\","3351":"n","3352":" ","3353":" ","3354":" ","3355":" ","3356":" ","3357":" ","3358":" ","3359":" ","3360":" ","3361":" ","3362":"<","3363":"/","3364":"s","3365":"p","3366":"a","3367":"n","3368":">","3369":"\\","3370":"n","3371":" ","3372":" ","3373":" ","3374":" ","3375":" ","3376":" ","3377":" ","3378":" ","3379":" ","3380":" ","3381":"<","3382":"s","3383":"p","3384":"a","3385":"n","3386":" ","3387":"c","3388":"l","3389":"a","3390":"s","3391":"s","3392":"=","3393":"\\","3394":"\"","3395":"m","3396":"l","3397":"-","3398":"1","3399":".","3400":"5","3401":" ","3402":"l","3403":"o","3404":"g","3405":"o","3406":"-","3407":"t","3408":"e","3409":"x","3410":"t","3411":"-","3412":"1","3413":" ","3414":"t","3415":"e","3416":"x","3417":"t","3418":"-","3419":"x","3420":"l","3421":"\\","3422":"\"","3423":">","3424":"{","3425":"{","3426":" ","3427":"c","3428":"o","3429":"m","3430":"p","3431":"a","3432":"n","3433":"y","3434":" ","3435":"}","3436":"}","3437":"<","3438":"/","3439":"s","3440":"p","3441":"a","3442":"n","3443":">","3444":"\\","3445":"n","3446":" ","3447":" ","3448":" ","3449":" ","3450":" ","3451":" ","3452":" ","3453":" ","3454":"<","3455":"/","3456":"a","3457":">","3458":"\\","3459":"n","3460":"\\","3461":"n","3462":" ","3463":" ","3464":" ","3465":" ","3466":" ","3467":" ","3468":" ","3469":" ","3470":"<","3471":"n","3472":"a","3473":"v","3474":" ","3475":"c","3476":"l","3477":"a","3478":"s","3479":"s","3480":"=","3481":"\\","3482":"\"","3483":"h","3484":"-","3485":"f","3486":"u","3487":"l","3488":"l","3489":" ","3490":"m","3491":"l","3492":"-","3493":"1","3494":"2","3495":"\\","3496":"\"","3497":">","3498":"\\","3499":"n","3500":" ","3501":" ","3502":" ","3503":" ","3504":" ","3505":" ","3506":" ","3507":" ","3508":" ","3509":" ","3510":"<","3511":"u","3512":"l","3513":" ","3514":"c","3515":"l","3516":"a","3517":"s","3518":"s","3519":"=","3520":"\\","3521":"\"","3522":"f","3523":"l","3524":"e","3525":"x","3526":" ","3527":"h","3528":"-","3529":"f","3530":"u","3531":"l","3532":"l","3533":" ","3534":"p","3535":"-","3536":"0","3537":" ","3538":"m","3539":"-","3540":"0","3541":" ","3542":"l","3543":"i","3544":"s","3545":"t","3546":"-","3547":"n","3548":"o","3549":"n","3550":"e","3551":"\\","3552":"\"","3553":">","3554":"\\","3555":"n","3556":" ","3557":" ","3558":" ","3559":" ","3560":" ","3561":" ","3562":" ","3563":" ","3564":" ","3565":" ","3566":" ","3567":" ","3568":"<","3569":"l","3570":"i","3571":"\\","3572":"n","3573":" ","3574":" ","3575":" ","3576":" ","3577":" ","3578":" ","3579":" ","3580":" ","3581":" ","3582":" ","3583":" ","3584":" ","3585":" ","3586":" ","3587":"v","3588":"-","3589":"f","3590":"o","3591":"r","3592":"=","3593":"\\","3594":"\"","3595":"(","3596":"m","3597":"e","3598":"n","3599":"u","3600":"I","3601":"t","3602":"e","3603":"m","3604":",","3605":" ","3606":"i","3607":")","3608":" ","3609":"i","3610":"n","3611":" ","3612":"m","3613":"e","3614":"n","3615":"u","3616":"I","3617":"t","3618":"e","3619":"m","3620":"s","3621":"\\","3622":"\"","3623":"\\","3624":"n","3625":" ","3626":" ","3627":" ","3628":" ","3629":" ","3630":" ","3631":" ","3632":" ","3633":" ","3634":" ","3635":" ","3636":" ","3637":" ","3638":" ","3639":":","3640":"k","3641":"e","3642":"y","3643":"=","3644":"\\","3645":"\"","3646":"i","3647":"\\","3648":"\"","3649":"\\","3650":"n","3651":" ","3652":" ","3653":" ","3654":" ","3655":" ","3656":" ","3657":" ","3658":" ","3659":" ","3660":" ","3661":" ","3662":" ","3663":" ","3664":" ","3665":"c","3666":"l","3667":"a","3668":"s","3669":"s","3670":"=","3671":"\\","3672":"\"","3673":"h","3674":"-","3675":"f","3676":"u","3677":"l","3678":"l","3679":" ","3680":"m","3681":"l","3682":"-","3683":"9","3684":" ","3685":"f","3686":"i","3687":"r","3688":"s","3689":"t","3690":":","3691":"m","3692":"l","3693":"-","3694":"0","3695":"\\","3696":"\"","3697":"\\","3698":"n","3699":" ","3700":" ","3701":" ","3702":" ","3703":" ","3704":" ","3705":" ","3706":" ","3707":" ","3708":" ","3709":" ","3710":" ","3711":" ","3712":" ","3713":"d","3714":"a","3715":"t","3716":"a","3717":"-","3718":"t","3719":"e","3720":"x","3721":"t","3722":"=","3723":"\\","3724":"\"","3725":"m","3726":"a","3727":"i","3728":"n","3729":"-","3730":"n","3731":"a","3732":"v","3733":"-","3734":"i","3735":"t","3736":"e","3737":"m","3738":"\\","3739":"\"","3740":"\\","3741":"n","3742":" ","3743":" ","3744":" ","3745":" ","3746":" ","3747":" ","3748":" ","3749":" ","3750":" ","3751":" ","3752":" ","3753":" ","3754":">","3755":"\\","3756":"n","3757":" ","3758":" ","3759":" ","3760":" ","3761":" ","3762":" ","3763":" ","3764":" ","3765":" ","3766":" ","3767":" ","3768":" ","3769":" ","3770":" ","3771":"<","3772":"a","3773":" ","3774":"h","3775":"r","3776":"e","3777":"f","3778":"=","3779":"\\","3780":"\"","3781":"\\","3782":"\"","3783":" ","3784":"c","3785":"l","3786":"a","3787":"s","3788":"s","3789":"=","3790":"\\","3791":"\"","3792":"f","3793":"l","3794":"e","3795":"x","3796":" ","3797":"i","3798":"t","3799":"e","3800":"m","3801":"s","3802":"-","3803":"c","3804":"e","3805":"n","3806":"t","3807":"e","3808":"r","3809":" ","3810":"h","3811":"-","3812":"f","3813":"u","3814":"l","3815":"l","3816":" ","3817":"p","3818":"y","3819":"-","3820":"2","3821":".","3822":"5","3823":"\\","3824":"\"","3825":">","3826":"{","3827":"{","3828":"\\","3829":"n","3830":" ","3831":" ","3832":" ","3833":" ","3834":" ","3835":" ","3836":" ","3837":" ","3838":" ","3839":" ","3840":" ","3841":" ","3842":" ","3843":" ","3844":" ","3845":" ","3846":"m","3847":"e","3848":"n","3849":"u","3850":"I","3851":"t","3852":"e","3853":"m","3854":"\\","3855":"n","3856":" ","3857":" ","3858":" ","3859":" ","3860":" ","3861":" ","3862":" ","3863":" ","3864":" ","3865":" ","3866":" ","3867":" ","3868":" ","3869":" ","3870":"}","3871":"}","3872":"<","3873":"/","3874":"a","3875":">","3876":"\\","3877":"n","3878":" ","3879":" ","3880":" ","3881":" ","3882":" ","3883":" ","3884":" ","3885":" ","3886":" ","3887":" ","3888":" ","3889":" ","3890":"<","3891":"/","3892":"l","3893":"i","3894":">","3895":"\\","3896":"n","3897":" ","3898":" ","3899":" ","3900":" ","3901":" ","3902":" ","3903":" ","3904":" ","3905":" ","3906":" ","3907":"<","3908":"/","3909":"u","3910":"l","3911":">","3912":"\\","3913":"n","3914":" ","3915":" ","3916":" ","3917":" ","3918":" ","3919":" ","3920":" ","3921":" ","3922":"<","3923":"/","3924":"n","3925":"a","3926":"v","3927":">","3928":"\\","3929":"n","3930":"\\","3931":"n","3932":" ","3933":" ","3934":" ","3935":" ","3936":" ","3937":" ","3938":" ","3939":" ","3940":"<","3941":"d","3942":"i","3943":"v","3944":" ","3945":"c","3946":"l","3947":"a","3948":"s","3949":"s","3950":"=","3951":"\\","3952":"\"","3953":"f","3954":"l","3955":"e","3956":"x","3957":" ","3958":"i","3959":"t","3960":"e","3961":"m","3962":"s","3963":"-","3964":"c","3965":"e","3966":"n","3967":"t","3968":"e","3969":"r","3970":" ","3971":"h","3972":"-","3973":"f","3974":"u","3975":"l","3976":"l","3977":" ","3978":"m","3979":"l","3980":"-","3981":"a","3982":"u","3983":"t","3984":"o","3985":"\\","3986":"\"","3987":">","3988":"\\","3989":"n","3990":" ","3991":" ","3992":" ","3993":" ","3994":" ","3995":" ","3996":" ","3997":" ","3998":" ","3999":" ","4000":"<","4001":"p","4002":"r","4003":"o","4004":"f","4005":"i","4006":"l","4007":"e","4008":"-","4009":"t","4010":"h","4011":"u","4012":"m","4013":"b","4014":"n","4015":"a","4016":"i","4017":"l","4018":" ","4019":"v","4020":"-","4021":"i","4022":"f","4023":"=","4024":"\\","4025":"\"","4026":"i","4027":"s","4028":"L","4029":"o","4030":"g","4031":"g","4032":"e","4033":"d","4034":"I","4035":"n","4036":"\\","4037":"\"","4038":" ","4039":"/","4040":">","4041":"\\","4042":"n","4043":" ","4044":" ","4045":" ","4046":" ","4047":" ","4048":" ","4049":" ","4050":" ","4051":" ","4052":" ","4053":"<","4054":"a","4055":"c","4056":"t","4057":"i","4058":"o","4059":"n","4060":"-","4061":"b","4062":"u","4063":"t","4064":"t","4065":"o","4066":"n","4067":" ","4068":"v","4069":"-","4070":"e","4071":"l","4072":"s","4073":"e","4074":" ","4075":"/","4076":">","4077":"\\","4078":"n","4079":" ","4080":" ","4081":" ","4082":" ","4083":" ","4084":" ","4085":" ","4086":" ","4087":"<","4088":"/","4089":"d","4090":"i","4091":"v","4092":">","4093":"\\","4094":"n","4095":" ","4096":" ","4097":" ","4098":" ","4099":" ","4100":" ","4101":"<","4102":"/","4103":"d","4104":"i","4105":"v","4106":">","4107":"\\","4108":"n","4109":" ","4110":" ","4111":" ","4112":" ","4113":"<","4114":"/","4115":"d","4116":"i","4117":"v","4118":">","4119":"\\","4120":"n","4121":" ","4122":" ","4123":"<","4124":"/","4125":"h","4126":"e","4127":"a","4128":"d","4129":"e","4130":"r","4131":">","4132":"\\","4133":"n","4134":"<","4135":"/","4136":"t","4137":"e","4138":"m","4139":"p","4140":"l","4141":"a","4142":"t","4143":"e","4144":">","4145":"\\","4146":"n","4147":"\\","4148":"n","4149":"<","4150":"s","4151":"c","4152":"r","4153":"i","4154":"p","4155":"t","4156":">","4157":"\\","4158":"n","4159":"i","4160":"m","4161":"p","4162":"o","4163":"r","4164":"t","4165":" ","4166":"A","4167":"c","4168":"t","4169":"i","4170":"o","4171":"n","4172":"B","4173":"u","4174":"t","4175":"t","4176":"o","4177":"n","4178":" ","4179":"f","4180":"r","4181":"o","4182":"m","4183":" ","4184":"\\","4185":"\"","4186":"@","4187":"/","4188":"c","4189":"o","4190":"m","4191":"p","4192":"o","4193":"n","4194":"e","4195":"n","4196":"t","4197":"s","4198":"/","4199":"A","4200":"c","4201":"t","4202":"i","4203":"o","4204":"n","4205":"B","4206":"u","4207":"t","4208":"t","4209":"o","4210":"n","4211":"/","4212":"A","4213":"c","4214":"t","4215":"i","4216":"o","4217":"n","4218":"B","4219":"u","4220":"t","4221":"t","4222":"o","4223":"n","4224":"\\","4225":"\"","4226":";","4227":"\\","4228":"n","4229":"i","4230":"m","4231":"p","4232":"o","4233":"r","4234":"t","4235":" ","4236":"P","4237":"r","4238":"o","4239":"f","4240":"i","4241":"l","4242":"e","4243":"T","4244":"h","4245":"u","4246":"m","4247":"b","4248":"n","4249":"a","4250":"i","4251":"l","4252":" ","4253":"f","4254":"r","4255":"o","4256":"m","4257":" ","4258":"\\","4259":"\"","4260":"@","4261":"/","4262":"c","4263":"o","4264":"m","4265":"p","4266":"o","4267":"n","4268":"e","4269":"n","4270":"t","4271":"s","4272":"/","4273":"P","4274":"r","4275":"o","4276":"f","4277":"i","4278":"l","4279":"e","4280":"T","4281":"h","4282":"u","4283":"m","4284":"b","4285":"n","4286":"a","4287":"i","4288":"l","4289":"/","4290":"P","4291":"r","4292":"o","4293":"f","4294":"i","4295":"l","4296":"e","4297":"T","4298":"h","4299":"u","4300":"m","4301":"b","4302":"n","4303":"a","4304":"i","4305":"l","4306":"\\","4307":"\"","4308":";","4309":"\\","4310":"n","4311":"\\","4312":"n","4313":"e","4314":"x","4315":"p","4316":"o","4317":"r","4318":"t","4319":" ","4320":"d","4321":"e","4322":"f","4323":"a","4324":"u","4325":"l","4326":"t","4327":" ","4328":"{","4329":"\\","4330":"n","4331":" ","4332":" ","4333":"n","4334":"a","4335":"m","4336":"e","4337":":","4338":" ","4339":"\\","4340":"\"","4341":"H","4342":"e","4343":"a","4344":"d","4345":"e","4346":"r","4347":"C","4348":"o","4349":"m","4350":"p","4351":"o","4352":"n","4353":"e","4354":"n","4355":"t","4356":"\\","4357":"\"","4358":",","4359":"\\","4360":"n","4361":" ","4362":" ","4363":"c","4364":"o","4365":"m","4366":"p","4367":"o","4368":"n","4369":"e","4370":"n","4371":"t","4372":"s","4373":":","4374":" ","4375":"{","4376":"\\","4377":"n","4378":" ","4379":" ","4380":" ","4381":" ","4382":"A","4383":"c","4384":"t","4385":"i","4386":"o","4387":"n","4388":"B","4389":"u","4390":"t","4391":"t","4392":"o","4393":"n","4394":",","4395":"\\","4396":"n","4397":" ","4398":" ","4399":" ","4400":" ","4401":"P","4402":"r","4403":"o","4404":"f","4405":"i","4406":"l","4407":"e","4408":"T","4409":"h","4410":"u","4411":"m","4412":"b","4413":"n","4414":"a","4415":"i","4416":"l","4417":",","4418":"\\","4419":"n","4420":" ","4421":" ","4422":"}","4423":",","4424":"\\","4425":"n","4426":" ","4427":" ","4428":"d","4429":"a","4430":"t","4431":"a","4432":"(","4433":")","4434":" ","4435":"{","4436":"\\","4437":"n","4438":" ","4439":" ","4440":" ","4441":" ","4442":"r","4443":"e","4444":"t","4445":"u","4446":"r","4447":"n","4448":" ","4449":"{","4450":"\\","4451":"n","4452":" ","4453":" ","4454":" ","4455":" ","4456":" ","4457":" ","4458":"c","4459":"o","4460":"m","4461":"p","4462":"a","4463":"n","4464":"y","4465":":","4466":" ","4467":"\\","4468":"\"","4469":"T","4470":"o","4471":"t","4472":"o","4473":" ","4474":"C","4475":"a","4476":"r","4477":"e","4478":"e","4479":"r","4480":"s","4481":"\\","4482":"\"","4483":",","4484":"\\","4485":"n","4486":" ","4487":" ","4488":" ","4489":" ","4490":" ","4491":" ","4492":"m","4493":"e","4494":"n","4495":"u","4496":"I","4497":"t","4498":"e","4499":"m","4500":"s","4501":":","4502":" ","4503":"[","4504":"\\","4505":"n","4506":" ","4507":" ","4508":" ","4509":" ","4510":" ","4511":" ","4512":" ","4513":" ","4514":"\\","4515":"\"","4516":"T","4517":"e","4518":"a","4519":"m","4520":"s","4521":"\\","4522":"\"","4523":",","4524":"\\","4525":"n","4526":" ","4527":" ","4528":" ","4529":" ","4530":" ","4531":" ","4532":" ","4533":" ","4534":"\\","4535":"\"","4536":"L","4537":"o","4538":"c","4539":"a","4540":"t","4541":"i","4542":"o","4543":"n","4544":"s","4545":"\\","4546":"\"","4547":",","4548":"\\","4549":"n","4550":" ","4551":" ","4552":" ","4553":" ","4554":" ","4555":" ","4556":" ","4557":" ","4558":"\\","4559":"\"","4560":"L","4561":"i","4562":"f","4563":"e","4564":" ","4565":"a","4566":"t","4567":" ","4568":"T","4569":"o","4570":"t","4571":"o","4572":"\\","4573":"\"","4574":",","4575":"\\","4576":"n","4577":" ","4578":" ","4579":" ","4580":" ","4581":" ","4582":" ","4583":" ","4584":" ","4585":"\\","4586":"\"","4587":"H","4588":"o","4589":"w","4590":" ","4591":"w","4592":"e","4593":" ","4594":"h","4595":"i","4596":"r","4597":"e","4598":"\\","4599":"\"","4600":",","4601":"\\","4602":"n","4603":" ","4604":" ","4605":" ","4606":" ","4607":" ","4608":" ","4609":" ","4610":" ","4611":"\\","4612":"\"","4613":"S","4614":"t","4615":"u","4616":"d","4617":"e","4618":"n","4619":"t","4620":"s","4621":"\\","4622":"\"","4623":",","4624":"\\","4625":"n","4626":" ","4627":" ","4628":" ","4629":" ","4630":" ","4631":" ","4632":" ","4633":" ","4634":"\\","4635":"\"","4636":"J","4637":"o","4638":"b","4639":"s","4640":"\\","4641":"\"","4642":",","4643":"\\","4644":"n","4645":" ","4646":" ","4647":" ","4648":" ","4649":" ","4650":" ","4651":"]","4652":",","4653":"\\","4654":"n","4655":" ","4656":" ","4657":" ","4658":" ","4659":" ","4660":" ","4661":"i","4662":"s","4663":"L","4664":"o","4665":"g","4666":"g","4667":"e","4668":"d","4669":"I","4670":"n","4671":":","4672":" ","4673":"f","4674":"a","4675":"l","4676":"s","4677":"e","4678":",","4679":"\\","4680":"n","4681":" ","4682":" ","4683":" ","4684":" ","4685":"}","4686":";","4687":"\\","4688":"n","4689":" ","4690":" ","4691":"}","4692":",","4693":"\\","4694":"n","4695":"}","4696":";","4697":"\\","4698":"n","4699":"<","4700":"/","4701":"s","4702":"c","4703":"r","4704":"i","4705":"p","4706":"t","4707":">","4708":"\\","4709":"n","4710":"\"","4711":"]","4712":"}"},"_coverageSchema":"1a1c01bbd47fc00a2c39e90264f33305004495a9","hash":"205210438507a6bb52bff43777a79d8c866b7302"}
,"/home/it/Desktop/Vue/Vue Masterclass/job-search/src/components/ProfileThumbnail/ProfileThumbnail.vue": {"path":"/home/it/Desktop/Vue/Vue Masterclass/job-search/src/components/ProfileThumbnail/ProfileThumbnail.vue","statementMap":{"0":{"start":{"line":4,"column":0},"end":{"line":6,"column":3}},"1":{"start":{"line":7,"column":0},"end":{"line":7,"column":25}},"2":{"start":{"line":8,"column":15},"end":{"line":15,"column":1}},"3":{"start":{"line":11,"column":4},"end":{"line":13,"column":6}},"4":{"start":{"line":18,"column":0},"end":{"line":18,"column":13}},"5":{"start":{"line":20,"column":0},"end":{"line":22,"column":3}},"6":{"start":{"line":23,"column":0},"end":{"line":23,"column":24}},"7":{"start":{"line":24,"column":11},"end":{"line":24,"column":25}},"8":{"start":{"line":25,"column":19},"end":{"line":25,"column":26}},"9":{"start":{"line":27,"column":2},"end":{"line":31,"column":40}},"10":{"start":{"line":32,"column":2},"end":{"line":32,"column":49}}},"fnMap":{"0":{"name":"(anonymous_0)","decl":{"start":{"line":10,"column":2},"end":{"line":10,"column":3}},"loc":{"start":{"line":10,"column":9},"end":{"line":14,"column":3}},"line":10},"1":{"name":"render","decl":{"start":{"line":26,"column":9},"end":{"line":26,"column":15}},"loc":{"start":{"line":26,"column":30},"end":{"line":32,"column":1}},"line":26}},"branchMap":{},"s":{"0":1,"1":1,"2":1,"3":1,"4":1,"5":1,"6":1,"7":1,"8":1,"9":1,"10":1},"f":{"0":1,"1":1},"b":{},"inputSourceMap":{"0":"{","1":"\"","2":"v","3":"e","4":"r","5":"s","6":"i","7":"o","8":"n","9":"\"","10":":","11":"3","12":",","13":"\"","14":"s","15":"o","16":"u","17":"r","18":"c","19":"e","20":"s","21":"\"","22":":","23":"[","24":"\"","25":"/","26":"h","27":"o","28":"m","29":"e","30":"/","31":"i","32":"t","33":"/","34":"D","35":"e","36":"s","37":"k","38":"t","39":"o","40":"p","41":"/","42":"V","43":"u","44":"e","45":"/","46":"V","47":"u","48":"e","49":" ","50":"M","51":"a","52":"s","53":"t","54":"e","55":"r","56":"c","57":"l","58":"a","59":"s","60":"s","61":"/","62":"j","63":"o","64":"b","65":"-","66":"s","67":"e","68":"a","69":"r","70":"c","71":"h","72":"/","73":"s","74":"r","75":"c","76":"/","77":"c","78":"o","79":"m","80":"p","81":"o","82":"n","83":"e","84":"n","85":"t","86":"s","87":"/","88":"P","89":"r","90":"o","91":"f","92":"i","93":"l","94":"e","95":"T","96":"h","97":"u","98":"m","99":"b","100":"n","101":"a","102":"i","103":"l","104":"/","105":"P","106":"r","107":"o","108":"f","109":"i","110":"l","111":"e","112":"T","113":"h","114":"u","115":"m","116":"b","117":"n","118":"a","119":"i","120":"l","121":".","122":"v","123":"u","124":"e","125":"\"","126":"]","127":",","128":"\"","129":"n","130":"a","131":"m","132":"e","133":"s","134":"\"","135":":","136":"[","137":"]","138":",","139":"\"","140":"m","141":"a","142":"p","143":"p","144":"i","145":"n","146":"g","147":"s","148":"\"","149":":","150":"\"","151":";","152":";","153":";","154":";","155":";","156":";","157":";","158":"e","159":"A","160":"W","161":"e","162":";","163":"E","164":"A","165":"C","166":"b","167":",","168":"I","169":"A","170":"A","171":"I","172":",","173":"E","174":"A","175":"A","176":"E","177":",","178":"k","179":"B","180":"A","181":"A","182":"k","183":"B","184":";","185":"E","186":"A","187":"C","188":"x","189":"B","190":",","191":"I","192":"A","193":"A","194":"I","195":",","196":"G","197":"A","198":"A","199":"G","200":";","201":"I","202":"A","203":"C","204":"L","205":",","206":"O","207":"A","208":"A","209":"O","210":";","211":"M","212":"A","213":"C","214":"L","215":",","216":"M","217":"A","218":"A","219":"M","220":",","221":"E","222":"A","223":"C","224":"J","225":";","226":"I","227":"A","228":"C","229":"J","230":",","231":"C","232":"A","233":"A","234":"C","235":";","236":"E","237":"A","238":"C","239":"H","240":";","241":"A","242":"A","243":"C","244":"F","245":",","246":"C","247":"A","248":"A","249":"C","250":";","251":"A","252":"A","253":"A","254":"A","255":";","256":"A","257":"A","258":"A","259":"A","260":"\"","261":",","262":"\"","263":"f","264":"i","265":"l","266":"e","267":"\"","268":":","269":"\"","270":"/","271":"h","272":"o","273":"m","274":"e","275":"/","276":"i","277":"t","278":"/","279":"D","280":"e","281":"s","282":"k","283":"t","284":"o","285":"p","286":"/","287":"V","288":"u","289":"e","290":"/","291":"V","292":"u","293":"e","294":" ","295":"M","296":"a","297":"s","298":"t","299":"e","300":"r","301":"c","302":"l","303":"a","304":"s","305":"s","306":"/","307":"j","308":"o","309":"b","310":"-","311":"s","312":"e","313":"a","314":"r","315":"c","316":"h","317":"/","318":"s","319":"r","320":"c","321":"/","322":"c","323":"o","324":"m","325":"p","326":"o","327":"n","328":"e","329":"n","330":"t","331":"s","332":"/","333":"P","334":"r","335":"o","336":"f","337":"i","338":"l","339":"e","340":"T","341":"h","342":"u","343":"m","344":"b","345":"n","346":"a","347":"i","348":"l","349":"/","350":"P","351":"r","352":"o","353":"f","354":"i","355":"l","356":"e","357":"T","358":"h","359":"u","360":"m","361":"b","362":"n","363":"a","364":"i","365":"l","366":".","367":"v","368":"u","369":"e","370":"\"","371":",","372":"\"","373":"s","374":"o","375":"u","376":"r","377":"c","378":"e","379":"s","380":"C","381":"o","382":"n","383":"t","384":"e","385":"n","386":"t","387":"\"","388":":","389":"[","390":"\"","391":"<","392":"t","393":"e","394":"m","395":"p","396":"l","397":"a","398":"t","399":"e","400":">","401":"\\","402":"n","403":" ","404":" ","405":"<","406":"d","407":"i","408":"v","409":">","410":"\\","411":"n","412":" ","413":" ","414":" ","415":" ","416":"<","417":"i","418":"m","419":"g","420":"\\","421":"n","422":" ","423":" ","424":" ","425":" ","426":" ","427":" ","428":":","429":"s","430":"r","431":"c","432":"=","433":"\\","434":"\"","435":"i","436":"m","437":"g","438":"S","439":"r","440":"c","441":"\\","442":"\"","443":"\\","444":"n","445":" ","446":" ","447":" ","448":" ","449":" ","450":" ","451":"a","452":"l","453":"t","454":"=","455":"\\","456":"\"","457":"P","458":"r","459":"o","460":"f","461":"i","462":"l","463":"e","464":"-","465":"T","466":"h","467":"u","468":"m","469":"b","470":"n","471":"a","472":"i","473":"l","474":"\\","475":"\"","476":"\\","477":"n","478":" ","479":" ","480":" ","481":" ","482":" ","483":" ","484":"c","485":"l","486":"a","487":"s","488":"s","489":"=","490":"\\","491":"\"","492":"w","493":"-","494":"8","495":" ","496":"h","497":"-","498":"8","499":" ","500":"r","501":"o","502":"u","503":"n","504":"d","505":"e","506":"d","507":"-","508":"3","509":"x","510":"l","511":" ","512":"o","513":"b","514":"j","515":"e","516":"c","517":"t","518":"-","519":"c","520":"o","521":"n","522":"t","523":"a","524":"i","525":"n","526":"\\","527":"\"","528":"\\","529":"n","530":" ","531":" ","532":" ","533":" ","534":"/","535":">","536":"\\","537":"n","538":" ","539":" ","540":"<","541":"/","542":"d","543":"i","544":"v","545":">","546":"\\","547":"n","548":"<","549":"/","550":"t","551":"e","552":"m","553":"p","554":"l","555":"a","556":"t","557":"e","558":">","559":"\\","560":"n","561":"\\","562":"n","563":"<","564":"s","565":"c","566":"r","567":"i","568":"p","569":"t","570":">","571":"\\","572":"n","573":"e","574":"x","575":"p","576":"o","577":"r","578":"t","579":" ","580":"d","581":"e","582":"f","583":"a","584":"u","585":"l","586":"t","587":" ","588":"{","589":"\\","590":"n","591":" ","592":" ","593":"n","594":"a","595":"m","596":"e","597":":","598":" ","599":"\\","600":"\"","601":"P","602":"r","603":"o","604":"f","605":"i","606":"l","607":"e","608":"T","609":"h","610":"u","611":"m","612":"b","613":"n","614":"a","615":"i","616":"l","617":"\\","618":"\"","619":",","620":"\\","621":"n","622":" ","623":" ","624":"d","625":"a","626":"t","627":"a","628":"(","629":")","630":" ","631":"{","632":"\\","633":"n","634":" ","635":" ","636":" ","637":" ","638":"r","639":"e","640":"t","641":"u","642":"r","643":"n","644":" ","645":"{","646":"\\","647":"n","648":" ","649":" ","650":" ","651":" ","652":" ","653":" ","654":"i","655":"m","656":"g","657":"S","658":"r","659":"c","660":":","661":"\\","662":"n","663":" ","664":" ","665":" ","666":" ","667":" ","668":" ","669":" ","670":" ","671":"\\","672":"\"","673":"h","674":"t","675":"t","676":"p","677":"s","678":":","679":"/","680":"/","681":"w","682":"w","683":"w","684":".","685":"p","686":"n","687":"g","688":"i","689":"t","690":"e","691":"m","692":".","693":"c","694":"o","695":"m","696":"/","697":"p","698":"i","699":"m","700":"g","701":"s","702":"/","703":"m","704":"/","705":"4","706":"8","707":"7","708":"-","709":"4","710":"8","711":"7","712":"6","713":"4","714":"1","715":"7","716":"_","717":"l","718":"i","719":"n","720":"k","721":"-","722":"h","723":"e","724":"a","725":"d","726":"-","727":"p","728":"n","729":"g","730":"-","731":"t","732":"o","733":"o","734":"n","735":"-","736":"l","737":"i","738":"n","739":"k","740":"-","741":"f","742":"a","743":"c","744":"e","745":"-","746":"p","747":"n","748":"g","749":"-","750":"t","751":"r","752":"a","753":"n","754":"s","755":"p","756":"a","757":"r","758":"e","759":"n","760":"t","761":".","762":"p","763":"n","764":"g","765":"\\","766":"\"","767":",","768":"\\","769":"n","770":" ","771":" ","772":" ","773":" ","774":"}","775":";","776":"\\","777":"n","778":" ","779":" ","780":"}","781":",","782":"\\","783":"n","784":"}","785":";","786":"\\","787":"n","788":"<","789":"/","790":"s","791":"c","792":"r","793":"i","794":"p","795":"t","796":">","797":"\\","798":"n","799":"\"","800":"]","801":"}"},"_coverageSchema":"1a1c01bbd47fc00a2c39e90264f33305004495a9","hash":"bcaaeeed29712abf1be43079204c98bedb4f8734"}
}
