{"/home/it/Desktop/Vue/Vue Masterclass/job-search/src/components/Header/HeaderComponent.vue": {"path":"/home/it/Desktop/Vue/Vue Masterclass/job-search/src/components/Header/HeaderComponent.vue","statementMap":{"0":{"start":{"line":4,"column":0},"end":{"line":6,"column":3}},"1":{"start":{"line":7,"column":0},"end":{"line":7,"column":25}},"2":{"start":{"line":8,"column":15},"end":{"line":15,"column":1}},"3":{"start":{"line":11,"column":4},"end":{"line":13,"column":6}},"4":{"start":{"line":18,"column":0},"end":{"line":18,"column":13}},"5":{"start":{"line":20,"column":0},"end":{"line":22,"column":3}},"6":{"start":{"line":23,"column":0},"end":{"line":23,"column":24}},"7":{"start":{"line":24,"column":11},"end":{"line":24,"column":25}},"8":{"start":{"line":25,"column":19},"end":{"line":27,"column":1}},"9":{"start":{"line":28,"column":19},"end":{"line":30,"column":1}},"10":{"start":{"line":31,"column":19},"end":{"line":33,"column":1}},"11":{"start":{"line":34,"column":19},"end":{"line":37,"column":1}},"12":{"start":{"line":38,"column":32},"end":{"line":67,"column":26}},"13":{"start":{"line":68,"column":19},"end":{"line":70,"column":1}},"14":{"start":{"line":72,"column":2},"end":{"line":72,"column":353}},"15":{"start":{"line":73,"column":2},"end":{"line":73,"column":49}}},"fnMap":{"0":{"name":"(anonymous_0)","decl":{"start":{"line":10,"column":2},"end":{"line":10,"column":3}},"loc":{"start":{"line":10,"column":9},"end":{"line":14,"column":3}},"line":10},"1":{"name":"render","decl":{"start":{"line":71,"column":9},"end":{"line":71,"column":15}},"loc":{"start":{"line":71,"column":30},"end":{"line":73,"column":1}},"line":71}},"branchMap":{},"s":{"0":1,"1":1,"2":1,"3":1,"4":1,"5":1,"6":1,"7":1,"8":1,"9":1,"10":1,"11":1,"12":1,"13":1,"14":1,"15":1},"f":{"0":1,"1":1},"b":{},"inputSourceMap":{"0":"{","1":"\"","2":"v","3":"e","4":"r","5":"s","6":"i","7":"o","8":"n","9":"\"","10":":","11":"3","12":",","13":"\"","14":"s","15":"o","16":"u","17":"r","18":"c","19":"e","20":"s","21":"\"","22":":","23":"[","24":"\"","25":"/","26":"h","27":"o","28":"m","29":"e","30":"/","31":"i","32":"t","33":"/","34":"D","35":"e","36":"s","37":"k","38":"t","39":"o","40":"p","41":"/","42":"V","43":"u","44":"e","45":"/","46":"V","47":"u","48":"e","49":" ","50":"M","51":"a","52":"s","53":"t","54":"e","55":"r","56":"c","57":"l","58":"a","59":"s","60":"s","61":"/","62":"j","63":"o","64":"b","65":"-","66":"s","67":"e","68":"a","69":"r","70":"c","71":"h","72":"/","73":"s","74":"r","75":"c","76":"/","77":"c","78":"o","79":"m","80":"p","81":"o","82":"n","83":"e","84":"n","85":"t","86":"s","87":"/","88":"H","89":"e","90":"a","91":"d","92":"e","93":"r","94":"/","95":"H","96":"e","97":"a","98":"d","99":"e","100":"r","101":"C","102":"o","103":"m","104":"p","105":"o","106":"n","107":"e","108":"n","109":"t","110":".","111":"v","112":"u","113":"e","114":"\"","115":"]","116":",","117":"\"","118":"n","119":"a","120":"m","121":"e","122":"s","123":"\"","124":":","125":"[","126":"]","127":",","128":"\"","129":"m","130":"a","131":"p","132":"p","133":"i","134":"n","135":"g","136":"s","137":"\"","138":":","139":"\"","140":";","141":";","142":";","143":";","144":";","145":";","146":";","147":"e","148":"A","149":"m","150":"D","151":"e","152":";","153":"E","154":"A","155":"C","156":"b","157":",","158":"I","159":"A","160":"A","161":"I","162":",","163":"E","164":"A","165":"A","166":"E","167":",","168":"i","169":"B","170":"A","171":"A","172":"i","173":"B","174":";","175":"E","176":"A","177":"C","178":"v","179":"B","180":",","181":"I","182":"A","183":"A","184":"I","185":",","186":"G","187":"A","188":"A","189":"G","190":";","191":"I","192":"A","193":"C","194":"L","195":",","196":"O","197":"A","198":"A","199":"O","200":";","201":"M","202":"A","203":"C","204":"L","205":",","206":"O","207":"A","208":"A","209":"O","210":",","211":"E","212":"A","213":"A","214":"E","215":";","216":"I","217":"A","218":"C","219":"X","220":",","221":"C","222":"A","223":"A","224":"C","225":";","226":"E","227":"A","228":"C","229":"H","230":";","231":"A","232":"A","233":"C","234":"F","235":",","236":"C","237":"A","238":"A","239":"C","240":";","241":"A","242":"A","243":"A","244":"A","245":";","246":"A","247":"A","248":"A","249":"A","250":"\"","251":",","252":"\"","253":"f","254":"i","255":"l","256":"e","257":"\"","258":":","259":"\"","260":"/","261":"h","262":"o","263":"m","264":"e","265":"/","266":"i","267":"t","268":"/","269":"D","270":"e","271":"s","272":"k","273":"t","274":"o","275":"p","276":"/","277":"V","278":"u","279":"e","280":"/","281":"V","282":"u","283":"e","284":" ","285":"M","286":"a","287":"s","288":"t","289":"e","290":"r","291":"c","292":"l","293":"a","294":"s","295":"s","296":"/","297":"j","298":"o","299":"b","300":"-","301":"s","302":"e","303":"a","304":"r","305":"c","306":"h","307":"/","308":"s","309":"r","310":"c","311":"/","312":"c","313":"o","314":"m","315":"p","316":"o","317":"n","318":"e","319":"n","320":"t","321":"s","322":"/","323":"H","324":"e","325":"a","326":"d","327":"e","328":"r","329":"/","330":"H","331":"e","332":"a","333":"d","334":"e","335":"r","336":"C","337":"o","338":"m","339":"p","340":"o","341":"n","342":"e","343":"n","344":"t","345":".","346":"v","347":"u","348":"e","349":"\"","350":",","351":"\"","352":"s","353":"o","354":"u","355":"r","356":"c","357":"e","358":"s","359":"C","360":"o","361":"n","362":"t","363":"e","364":"n","365":"t","366":"\"","367":":","368":"[","369":"\"","370":"<","371":"t","372":"e","373":"m","374":"p","375":"l","376":"a","377":"t","378":"e","379":">","380":"\\","381":"n","382":" ","383":" ","384":"<","385":"h","386":"e","387":"a","388":"d","389":"e","390":"r","391":" ","392":"c","393":"l","394":"a","395":"s","396":"s","397":"=","398":"\\","399":"\"","400":"w","401":"-","402":"f","403":"u","404":"l","405":"l","406":" ","407":"t","408":"e","409":"x","410":"t","411":"-","412":"s","413":"m","414":"\\","415":"\"","416":">","417":"\\","418":"n","419":" ","420":" ","421":" ","422":" ","423":"<","424":"n","425":"a","426":"v","427":" ","428":"c","429":"l","430":"a","431":"s","432":"s","433":"=","434":"\\","435":"\"","436":"f","437":"i","438":"x","439":"e","440":"d","441":" ","442":"t","443":"o","444":"p","445":"-","446":"0","447":" ","448":"l","449":"e","450":"f","451":"t","452":"-","453":"0","454":" ","455":"w","456":"-","457":"f","458":"u","459":"l","460":"l","461":" ","462":"h","463":"-","464":"1","465":"6","466":" ","467":"b","468":"g","469":"-","470":"w","471":"h","472":"i","473":"t","474":"e","475":"\\","476":"\"","477":">","478":"\\","479":"n","480":" ","481":" ","482":" ","483":" ","484":" ","485":" ","486":"<","487":"d","488":"i","489":"v","490":"\\","491":"n","492":" ","493":" ","494":" ","495":" ","496":" ","497":" ","498":" ","499":" ","500":"c","501":"l","502":"a","503":"s","504":"s","505":"=","506":"\\","507":"\"","508":"f","509":"l","510":"e","511":"x","512":" ","513":"f","514":"l","515":"e","516":"x","517":"-","518":"n","519":"o","520":"w","521":"r","522":"a","523":"p","524":" ","525":"h","526":"-","527":"f","528":"u","529":"l","530":"l","531":" ","532":"p","533":"x","534":"-","535":"8","536":" ","537":"m","538":"x","539":"-","540":"a","541":"u","542":"t","543":"o","544":" ","545":"b","546":"o","547":"r","548":"d","549":"e","550":"r","551":"-","552":"b","553":" ","554":"b","555":"o","556":"r","557":"d","558":"e","559":"r","560":"-","561":"s","562":"o","563":"l","564":"i","565":"d","566":" ","567":"b","568":"o","569":"r","570":"d","571":"e","572":"r","573":"-","574":"b","575":"r","576":"a","577":"n","578":"d","579":"-","580":"g","581":"r","582":"a","583":"y","584":"-","585":"1","586":"\\","587":"\"","588":"\\","589":"n","590":" ","591":" ","592":" ","593":" ","594":" ","595":" ","596":">","597":"\\","598":"n","599":" ","600":" ","601":" ","602":" ","603":" ","604":" ","605":" ","606":" ","607":"<","608":"a","609":" ","610":"h","611":"r","612":"e","613":"f","614":"=","615":"\\","616":"\"","617":"/","618":"\\","619":"\"","620":" ","621":"c","622":"l","623":"a","624":"s","625":"s","626":"=","627":"\\","628":"\"","629":"l","630":"o","631":"g","632":"o","633":" ","634":"h","635":"-","636":"f","637":"u","638":"l","639":"l","640":" ","641":"f","642":"l","643":"e","644":"x","645":" ","646":"i","647":"t","648":"e","649":"m","650":"s","651":"-","652":"c","653":"e","654":"n","655":"t","656":"e","657":"r","658":" ","659":"f","660":"l","661":"e","662":"x","663":"-","664":"n","665":"o","666":"w","667":"r","668":"a","669":"p","670":"\\","671":"\"","672":">","673":"\\","674":"n","675":" ","676":" ","677":" ","678":" ","679":" ","680":" ","681":" ","682":" ","683":" ","684":" ","685":"<","686":"s","687":"p","688":"a","689":"n","690":" ","691":"c","692":"l","693":"a","694":"s","695":"s","696":"=","697":"\\","698":"\"","699":"i","700":"c","701":"o","702":"n","703":" ","704":"h","705":"i","706":"d","707":"d","708":"e","709":"n","710":"\\","711":"\"","712":">","713":"\\","714":"n","715":" ","716":" ","717":" ","718":" ","719":" ","720":" ","721":" ","722":" ","723":" ","724":" ","725":" ","726":" ","727":"<","728":"s","729":"v","730":"g","731":"\\","732":"n","733":" ","734":" ","735":" ","736":" ","737":" ","738":" ","739":" ","740":" ","741":" ","742":" ","743":" ","744":" ","745":" ","746":" ","747":"a","748":"l","749":"t","750":"=","751":"\\","752":"\"","753":"g","754":"o","755":"o","756":"g","757":"l","758":"e","759":"-","760":"l","761":"o","762":"g","763":"o","764":"-","765":"i","766":"c","767":"o","768":"n","769":"\\","770":"\"","771":"\\","772":"n","773":" ","774":" ","775":" ","776":" ","777":" ","778":" ","779":" ","780":" ","781":" ","782":" ","783":" ","784":" ","785":" ","786":" ","787":"w","788":"i","789":"d","790":"t","791":"h","792":"=","793":"\\","794":"\"","795":"1","796":"0","797":"0","798":"%","799":"\\","800":"\"","801":"\\","802":"n","803":" ","804":" ","805":" ","806":" ","807":" ","808":" ","809":" ","810":" ","811":" ","812":" ","813":" ","814":" ","815":" ","816":" ","817":"h","818":"e","819":"i","820":"g","821":"h","822":"t","823":"=","824":"\\","825":"\"","826":"1","827":"0","828":"0","829":"%","830":"\\","831":"\"","832":"\\","833":"n","834":" ","835":" ","836":" ","837":" ","838":" ","839":" ","840":" ","841":" ","842":" ","843":" ","844":" ","845":" ","846":" ","847":" ","848":"v","849":"i","850":"e","851":"w","852":"B","853":"o","854":"x","855":"=","856":"\\","857":"\"","858":"0","859":" ","860":"0","861":" ","862":"7","863":"4","864":" ","865":"2","866":"4","867":"\\","868":"\"","869":"\\","870":"n","871":" ","872":" ","873":" ","874":" ","875":" ","876":" ","877":" ","878":" ","879":" ","880":" ","881":" ","882":" ","883":" ","884":" ","885":"r","886":"o","887":"l","888":"e","889":"=","890":"\\","891":"\"","892":"i","893":"m","894":"g","895":"\\","896":"\"","897":"\\","898":"n","899":" ","900":" ","901":" ","902":" ","903":" ","904":" ","905":" ","906":" ","907":" ","908":" ","909":" ","910":" ","911":" ","912":" ","913":"x","914":"m","915":"l","916":"n","917":"s","918":"=","919":"\\","920":"\"","921":"h","922":"t","923":"t","924":"p","925":":","926":"/","927":"/","928":"w","929":"w","930":"w","931":".","932":"w","933":"3","934":".","935":"o","936":"r","937":"g","938":"/","939":"2","940":"0","941":"0","942":"0","943":"/","944":"s","945":"v","946":"g","947":"\\","948":"\"","949":"\\","950":"n","951":" ","952":" ","953":" ","954":" ","955":" ","956":" ","957":" ","958":" ","959":" ","960":" ","961":" ","962":" ","963":" ","964":" ","965":"c","966":"l","967":"a","968":"s","969":"s","970":"=","971":"\\","972":"\"","973":"l","974":"o","975":"g","976":"o","977":"-","978":"i","979":"c","980":"o","981":"n","982":"\\","983":"\"","984":"\\","985":"n","986":" ","987":" ","988":" ","989":" ","990":" ","991":" ","992":" ","993":" ","994":" ","995":" ","996":" ","997":" ","998":" ","999":" ","1000":"a","1001":"r","1002":"i","1003":"a","1004":"-","1005":"h","1006":"i","1007":"d","1008":"d","1009":"e","1010":"n","1011":"=","1012":"\\","1013":"\"","1014":"t","1015":"r","1016":"u","1017":"e","1018":"\\","1019":"\"","1020":"\\","1021":"n","1022":" ","1023":" ","1024":" ","1025":" ","1026":" ","1027":" ","1028":" ","1029":" ","1030":" ","1031":" ","1032":" ","1033":" ","1034":">","1035":"\\","1036":"n","1037":" ","1038":" ","1039":" ","1040":" ","1041":" ","1042":" ","1043":" ","1044":" ","1045":" ","1046":" ","1047":" ","1048":" ","1049":" ","1050":" ","1051":"<","1052":"g","1053":">","1054":"\\","1055":"n","1056":" ","1057":" ","1058":" ","1059":" ","1060":" ","1061":" ","1062":" ","1063":" ","1064":" ","1065":" ","1066":" ","1067":" ","1068":" ","1069":" ","1070":" ","1071":" ","1072":"<","1073":"p","1074":"a","1075":"t","1076":"h","1077":"\\","1078":"n","1079":" ","1080":" ","1081":" ","1082":" ","1083":" ","1084":" ","1085":" ","1086":" ","1087":" ","1088":" ","1089":" ","1090":" ","1091":" ","1092":" ","1093":" ","1094":" ","1095":" ","1096":" ","1097":"f","1098":"i","1099":"l","1100":"l","1101":"=","1102":"\\","1103":"\"","1104":"#","1105":"4","1106":"2","1107":"8","1108":"5","1109":"F","1110":"4","1111":"\\","1112":"\"","1113":"\\","1114":"n","1115":" ","1116":" ","1117":" ","1118":" ","1119":" ","1120":" ","1121":" ","1122":" ","1123":" ","1124":" ","1125":" ","1126":" ","1127":" ","1128":" ","1129":" ","1130":" ","1131":" ","1132":" ","1133":"d","1134":"=","1135":"\\","1136":"\"","1137":"M","1138":"9","1139":".","1140":"2","1141":"4","1142":" ","1143":"8","1144":".","1145":"1","1146":"9","1147":"v","1148":"2","1149":".","1150":"4","1151":"6","1152":"h","1153":"5","1154":".","1155":"8","1156":"8","1157":"c","1158":"-","1159":".","1160":"1","1161":"8","1162":" ","1163":"1","1164":".","1165":"3","1166":"8","1167":"-","1168":".","1169":"6","1170":"4","1171":" ","1172":"2","1173":".","1174":"3","1175":"9","1176":"-","1177":"1","1178":".","1179":"3","1180":"4","1181":" ","1182":"3","1183":".","1184":"1","1185":"-","1186":".","1187":"8","1188":"6","1189":".","1190":"8","1191":"6","1192":"-","1193":"2","1194":".","1195":"2","1196":" ","1197":"1","1198":".","1199":"8","1200":"-","1201":"4","1202":".","1203":"5","1204":"4","1205":" ","1206":"1","1207":".","1208":"8","1209":"-","1210":"3","1211":".","1212":"6","1213":"2","1214":" ","1215":"0","1216":"-","1217":"6","1218":".","1219":"4","1220":"5","1221":"-","1222":"2","1223":".","1224":"9","1225":"2","1226":"-","1227":"6","1228":".","1229":"4","1230":"5","1231":"-","1232":"6","1233":".","1234":"5","1235":"4","1236":"s","1237":"2","1238":".","1239":"8","1240":"3","1241":"-","1242":"6","1243":".","1244":"5","1245":"4","1246":" ","1247":"6","1248":".","1249":"4","1250":"5","1251":"-","1252":"6","1253":".","1254":"5","1255":"4","1256":"c","1257":"1","1258":".","1259":"9","1260":"5","1261":" ","1262":"0","1263":" ","1264":"3","1265":".","1266":"3","1267":"8","1268":".","1269":"7","1270":"7","1271":" ","1272":"4","1273":".","1274":"4","1275":"3","1276":" ","1277":"1","1278":".","1279":"7","1280":"6","1281":"L","1282":"1","1283":"5","1284":".","1285":"4","1286":" ","1287":"2","1288":".","1289":"5","1290":"C","1291":"1","1292":"3","1293":".","1294":"9","1295":"4","1296":" ","1297":"1","1298":".","1299":"0","1300":"8","1301":" ","1302":"1","1303":"1","1304":".","1305":"9","1306":"8","1307":" ","1308":"0","1309":" ","1310":"9","1311":".","1312":"2","1313":"4","1314":" ","1315":"0","1316":" ","1317":"4","1318":".","1319":"2","1320":"8","1321":" ","1322":"0","1323":" ","1324":".","1325":"1","1326":"1","1327":" ","1328":"4","1329":".","1330":"0","1331":"4","1332":".","1333":"1","1334":"1","1335":" ","1336":"9","1337":"s","1338":"4","1339":".","1340":"1","1341":"7","1342":" ","1343":"9","1344":" ","1345":"9","1346":".","1347":"1","1348":"3","1349":" ","1350":"9","1351":"c","1352":"2","1353":".","1354":"6","1355":"8","1356":" ","1357":"0","1358":" ","1359":"4","1360":".","1361":"7","1362":"-","1363":".","1364":"8","1365":"8","1366":" ","1367":"6","1368":".","1369":"2","1370":"8","1371":"-","1372":"2","1373":".","1374":"5","1375":"2","1376":" ","1377":"1","1378":".","1379":"6","1380":"2","1381":"-","1382":"1","1383":".","1384":"6","1385":"2","1386":" ","1387":"2","1388":".","1389":"1","1390":"3","1391":"-","1392":"3","1393":".","1394":"9","1395":"1","1396":" ","1397":"2","1398":".","1399":"1","1400":"3","1401":"-","1402":"5","1403":".","1404":"7","1405":"5","1406":" ","1407":"0","1408":"-","1409":".","1410":"5","1411":"7","1412":"-","1413":".","1414":"0","1415":"4","1416":"-","1417":"1","1418":".","1419":"1","1420":"-","1421":".","1422":"1","1423":"3","1424":"-","1425":"1","1426":".","1427":"5","1428":"4","1429":"H","1430":"9","1431":".","1432":"2","1433":"4","1434":"z","1435":"\\","1436":"\"","1437":"\\","1438":"n","1439":" ","1440":" ","1441":" ","1442":" ","1443":" ","1444":" ","1445":" ","1446":" ","1447":" ","1448":" ","1449":" ","1450":" ","1451":" ","1452":" ","1453":" ","1454":" ","1455":">","1456":"<","1457":"/","1458":"p","1459":"a","1460":"t","1461":"h","1462":">","1463":"\\","1464":"n","1465":" ","1466":" ","1467":" ","1468":" ","1469":" ","1470":" ","1471":" ","1472":" ","1473":" ","1474":" ","1475":" ","1476":" ","1477":" ","1478":" ","1479":" ","1480":" ","1481":"<","1482":"p","1483":"a","1484":"t","1485":"h","1486":"\\","1487":"n","1488":" ","1489":" ","1490":" ","1491":" ","1492":" ","1493":" ","1494":" ","1495":" ","1496":" ","1497":" ","1498":" ","1499":" ","1500":" ","1501":" ","1502":" ","1503":" ","1504":" ","1505":" ","1506":"f","1507":"i","1508":"l","1509":"l","1510":"=","1511":"\\","1512":"\"","1513":"#","1514":"E","1515":"A","1516":"4","1517":"3","1518":"3","1519":"5","1520":"\\","1521":"\"","1522":"\\","1523":"n","1524":" ","1525":" ","1526":" ","1527":" ","1528":" ","1529":" ","1530":" ","1531":" ","1532":" ","1533":" ","1534":" ","1535":" ","1536":" ","1537":" ","1538":" ","1539":" ","1540":" ","1541":" ","1542":"d","1543":"=","1544":"\\","1545":"\"","1546":"M","1547":"2","1548":"5","1549":" ","1550":"6","1551":".","1552":"1","1553":"9","1554":"c","1555":"-","1556":"3","1557":".","1558":"2","1559":"1","1560":" ","1561":"0","1562":"-","1563":"5","1564":".","1565":"8","1566":"3","1567":" ","1568":"2","1569":".","1570":"4","1571":"4","1572":"-","1573":"5","1574":".","1575":"8","1576":"3","1577":" ","1578":"5","1579":".","1580":"8","1581":"1","1582":" ","1583":"0","1584":" ","1585":"3","1586":".","1587":"3","1588":"4","1589":" ","1590":"2","1591":".","1592":"6","1593":"2","1594":" ","1595":"5","1596":".","1597":"8","1598":"1","1599":" ","1600":"5","1601":".","1602":"8","1603":"3","1604":" ","1605":"5","1606":".","1607":"8","1608":"1","1609":"s","1610":"5","1611":".","1612":"8","1613":"3","1614":"-","1615":"2","1616":".","1617":"4","1618":"6","1619":" ","1620":"5","1621":".","1622":"8","1623":"3","1624":"-","1625":"5","1626":".","1627":"8","1628":"1","1629":"c","1630":"0","1631":"-","1632":"3","1633":".","1634":"3","1635":"7","1636":"-","1637":"2","1638":".","1639":"6","1640":"2","1641":"-","1642":"5","1643":".","1644":"8","1645":"1","1646":"-","1647":"5","1648":".","1649":"8","1650":"3","1651":"-","1652":"5","1653":".","1654":"8","1655":"1","1656":"z","1657":"m","1658":"0","1659":" ","1660":"9","1661":".","1662":"3","1663":"3","1664":"c","1665":"-","1666":"1","1667":".","1668":"7","1669":"6","1670":" ","1671":"0","1672":"-","1673":"3","1674":".","1675":"2","1676":"8","1677":"-","1678":"1","1679":".","1680":"4","1681":"5","1682":"-","1683":"3","1684":".","1685":"2","1686":"8","1687":"-","1688":"3","1689":".","1690":"5","1691":"2","1692":" ","1693":"0","1694":"-","1695":"2","1696":".","1697":"0","1698":"9","1699":" ","1700":"1","1701":".","1702":"5","1703":"2","1704":"-","1705":"3","1706":".","1707":"5","1708":"2","1709":" ","1710":"3","1711":".","1712":"2","1713":"8","1714":"-","1715":"3","1716":".","1717":"5","1718":"2","1719":"s","1720":"3","1721":".","1722":"2","1723":"8","1724":" ","1725":"1","1726":".","1727":"4","1728":"3","1729":" ","1730":"3","1731":".","1732":"2","1733":"8","1734":" ","1735":"3","1736":".","1737":"5","1738":"2","1739":"c","1740":"0","1741":" ","1742":"2","1743":".","1744":"0","1745":"7","1746":"-","1747":"1","1748":".","1749":"5","1750":"2","1751":" ","1752":"3","1753":".","1754":"5","1755":"2","1756":"-","1757":"3","1758":".","1759":"2","1760":"8","1761":" ","1762":"3","1763":".","1764":"5","1765":"2","1766":"z","1767":"\\","1768":"\"","1769":"\\","1770":"n","1771":" ","1772":" ","1773":" ","1774":" ","1775":" ","1776":" ","1777":" ","1778":" ","1779":" ","1780":" ","1781":" ","1782":" ","1783":" ","1784":" ","1785":" ","1786":" ","1787":">","1788":"<","1789":"/","1790":"p","1791":"a","1792":"t","1793":"h","1794":">","1795":"\\","1796":"n","1797":" ","1798":" ","1799":" ","1800":" ","1801":" ","1802":" ","1803":" ","1804":" ","1805":" ","1806":" ","1807":" ","1808":" ","1809":" ","1810":" ","1811":" ","1812":" ","1813":"<","1814":"p","1815":"a","1816":"t","1817":"h","1818":"\\","1819":"n","1820":" ","1821":" ","1822":" ","1823":" ","1824":" ","1825":" ","1826":" ","1827":" ","1828":" ","1829":" ","1830":" ","1831":" ","1832":" ","1833":" ","1834":" ","1835":" ","1836":" ","1837":" ","1838":"f","1839":"i","1840":"l","1841":"l","1842":"=","1843":"\\","1844":"\"","1845":"#","1846":"4","1847":"2","1848":"8","1849":"5","1850":"F","1851":"4","1852":"\\","1853":"\"","1854":"\\","1855":"n","1856":" ","1857":" ","1858":" ","1859":" ","1860":" ","1861":" ","1862":" ","1863":" ","1864":" ","1865":" ","1866":" ","1867":" ","1868":" ","1869":" ","1870":" ","1871":" ","1872":" ","1873":" ","1874":"d","1875":"=","1876":"\\","1877":"\"","1878":"M","1879":"5","1880":"3","1881":".","1882":"5","1883":"8","1884":" ","1885":"7","1886":".","1887":"4","1888":"9","1889":"h","1890":"-","1891":".","1892":"0","1893":"9","1894":"c","1895":"-","1896":".","1897":"5","1898":"7","1899":"-","1900":".","1901":"6","1902":"8","1903":"-","1904":"1","1905":".","1906":"6","1907":"7","1908":"-","1909":"1","1910":".","1911":"3","1912":"-","1913":"3","1914":".","1915":"0","1916":"6","1917":"-","1918":"1","1919":".","1920":"3","1921":"C","1922":"4","1923":"7","1924":".","1925":"5","1926":"3","1927":" ","1928":"6","1929":".","1930":"1","1931":"9","1932":" ","1933":"4","1934":"5","1935":" ","1936":"8","1937":".","1938":"7","1939":"2","1940":" ","1941":"4","1942":"5","1943":" ","1944":"1","1945":"2","1946":"c","1947":"0","1948":" ","1949":"3","1950":".","1951":"2","1952":"6","1953":" ","1954":"2","1955":".","1956":"5","1957":"3","1958":" ","1959":"5","1960":".","1961":"8","1962":"1","1963":" ","1964":"5","1965":".","1966":"4","1967":"3","1968":" ","1969":"5","1970":".","1971":"8","1972":"1","1973":" ","1974":"1","1975":".","1976":"3","1977":"9","1978":" ","1979":"0","1980":" ","1981":"2","1982":".","1983":"4","1984":"9","1985":"-","1986":".","1987":"6","1988":"2","1989":" ","1990":"3","1991":".","1992":"0","1993":"6","1994":"-","1995":"1","1996":".","1997":"3","1998":"2","1999":"h","2000":".","2001":"0","2002":"9","2003":"v","2004":".","2005":"8","2006":"1","2007":"c","2008":"0","2009":" ","2010":"2","2011":".","2012":"2","2013":"2","2014":"-","2015":"1","2016":".","2017":"1","2018":"9","2019":" ","2020":"3","2021":".","2022":"4","2023":"1","2024":"-","2025":"3","2026":".","2027":"1","2028":" ","2029":"3","2030":".","2031":"4","2032":"1","2033":"-","2034":"1","2035":".","2036":"5","2037":"6","2038":" ","2039":"0","2040":"-","2041":"2","2042":".","2043":"5","2044":"3","2045":"-","2046":"1","2047":".","2048":"1","2049":"2","2050":"-","2051":"2","2052":".","2053":"9","2054":"3","2055":"-","2056":"2","2057":".","2058":"0","2059":"7","2060":"l","2061":"-","2062":"2","2063":".","2064":"2","2065":"2","2066":".","2067":"9","2068":"2","2069":"c","2070":".","2071":"6","2072":"4","2073":" ","2074":"1","2075":".","2076":"5","2077":"4","2078":" ","2079":"2","2080":".","2081":"3","2082":"3","2083":" ","2084":"3","2085":".","2086":"4","2087":"3","2088":" ","2089":"5","2090":".","2091":"1","2092":"5","2093":" ","2094":"3","2095":".","2096":"4","2097":"3","2098":" ","2099":"2","2100":".","2101":"9","2102":"9","2103":" ","2104":"0","2105":" ","2106":"5","2107":".","2108":"5","2109":"2","2110":"-","2111":"1","2112":".","2113":"7","2114":"6","2115":" ","2116":"5","2117":".","2118":"5","2119":"2","2120":"-","2121":"6","2122":".","2123":"0","2124":"5","2125":"V","2126":"6","2127":".","2128":"4","2129":"9","2130":"h","2131":"-","2132":"2","2133":".","2134":"4","2135":"2","2136":"v","2137":"1","2138":"z","2139":"m","2140":"-","2141":"2","2142":".","2143":"9","2144":"3","2145":" ","2146":"8","2147":".","2148":"0","2149":"3","2150":"c","2151":"-","2152":"1","2153":".","2154":"7","2155":"6","2156":" ","2157":"0","2158":"-","2159":"3","2160":".","2161":"1","2162":"-","2163":"1","2164":".","2165":"5","2166":"-","2167":"3","2168":".","2169":"1","2170":"-","2171":"3","2172":".","2173":"5","2174":"2","2175":" ","2176":"0","2177":"-","2178":"2","2179":".","2180":"0","2181":"5","2182":" ","2183":"1","2184":".","2185":"3","2186":"4","2187":"-","2188":"3","2189":".","2190":"5","2191":"2","2192":" ","2193":"3","2194":".","2195":"1","2196":"-","2197":"3","2198":".","2199":"5","2200":"2","2201":" ","2202":"1","2203":".","2204":"7","2205":"4","2206":" ","2207":"0","2208":" ","2209":"3","2210":".","2211":"1","2212":" ","2213":"1","2214":".","2215":"5","2216":" ","2217":"3","2218":".","2219":"1","2220":" ","2221":"3","2222":".","2223":"5","2224":"4","2225":".","2226":"0","2227":"1","2228":" ","2229":"2","2230":".","2231":"0","2232":"3","2233":"-","2234":"1","2235":".","2236":"3","2237":"6","2238":" ","2239":"3","2240":".","2241":"5","2242":"-","2243":"3","2244":".","2245":"1","2246":" ","2247":"3","2248":".","2249":"5","2250":"z","2251":"\\","2252":"\"","2253":"\\","2254":"n","2255":" ","2256":" ","2257":" ","2258":" ","2259":" ","2260":" ","2261":" ","2262":" ","2263":" ","2264":" ","2265":" ","2266":" ","2267":" ","2268":" ","2269":" ","2270":" ","2271":">","2272":"<","2273":"/","2274":"p","2275":"a","2276":"t","2277":"h","2278":">","2279":"\\","2280":"n","2281":" ","2282":" ","2283":" ","2284":" ","2285":" ","2286":" ","2287":" ","2288":" ","2289":" ","2290":" ","2291":" ","2292":" ","2293":" ","2294":" ","2295":" ","2296":" ","2297":"<","2298":"p","2299":"a","2300":"t","2301":"h","2302":"\\","2303":"n","2304":" ","2305":" ","2306":" ","2307":" ","2308":" ","2309":" ","2310":" ","2311":" ","2312":" ","2313":" ","2314":" ","2315":" ","2316":" ","2317":" ","2318":" ","2319":" ","2320":" ","2321":" ","2322":"f","2323":"i","2324":"l","2325":"l","2326":"=","2327":"\\","2328":"\"","2329":"#","2330":"F","2331":"B","2332":"B","2333":"C","2334":"0","2335":"5","2336":"\\","2337":"\"","2338":"\\","2339":"n","2340":" ","2341":" ","2342":" ","2343":" ","2344":" ","2345":" ","2346":" ","2347":" ","2348":" ","2349":" ","2350":" ","2351":" ","2352":" ","2353":" ","2354":" ","2355":" ","2356":" ","2357":" ","2358":"d","2359":"=","2360":"\\","2361":"\"","2362":"M","2363":"3","2364":"8","2365":" ","2366":"6","2367":".","2368":"1","2369":"9","2370":"c","2371":"-","2372":"3","2373":".","2374":"2","2375":"1","2376":" ","2377":"0","2378":"-","2379":"5","2380":".","2381":"8","2382":"3","2383":" ","2384":"2","2385":".","2386":"4","2387":"4","2388":"-","2389":"5","2390":".","2391":"8","2392":"3","2393":" ","2394":"5","2395":".","2396":"8","2397":"1","2398":" ","2399":"0","2400":" ","2401":"3","2402":".","2403":"3","2404":"4","2405":" ","2406":"2","2407":".","2408":"6","2409":"2","2410":" ","2411":"5","2412":".","2413":"8","2414":"1","2415":" ","2416":"5","2417":".","2418":"8","2419":"3","2420":" ","2421":"5","2422":".","2423":"8","2424":"1","2425":"s","2426":"5","2427":".","2428":"8","2429":"3","2430":"-","2431":"2","2432":".","2433":"4","2434":"6","2435":" ","2436":"5","2437":".","2438":"8","2439":"3","2440":"-","2441":"5","2442":".","2443":"8","2444":"1","2445":"c","2446":"0","2447":"-","2448":"3","2449":".","2450":"3","2451":"7","2452":"-","2453":"2","2454":".","2455":"6","2456":"2","2457":"-","2458":"5","2459":".","2460":"8","2461":"1","2462":"-","2463":"5","2464":".","2465":"8","2466":"3","2467":"-","2468":"5","2469":".","2470":"8","2471":"1","2472":"z","2473":"m","2474":"0","2475":" ","2476":"9","2477":".","2478":"3","2479":"3","2480":"c","2481":"-","2482":"1","2483":".","2484":"7","2485":"6","2486":" ","2487":"0","2488":"-","2489":"3","2490":".","2491":"2","2492":"8","2493":"-","2494":"1","2495":".","2496":"4","2497":"5","2498":"-","2499":"3","2500":".","2501":"2","2502":"8","2503":"-","2504":"3","2505":".","2506":"5","2507":"2","2508":" ","2509":"0","2510":"-","2511":"2","2512":".","2513":"0","2514":"9","2515":" ","2516":"1","2517":".","2518":"5","2519":"2","2520":"-","2521":"3","2522":".","2523":"5","2524":"2","2525":" ","2526":"3","2527":".","2528":"2","2529":"8","2530":"-","2531":"3","2532":".","2533":"5","2534":"2","2535":"s","2536":"3","2537":".","2538":"2","2539":"8","2540":" ","2541":"1","2542":".","2543":"4","2544":"3","2545":" ","2546":"3","2547":".","2548":"2","2549":"8","2550":" ","2551":"3","2552":".","2553":"5","2554":"2","2555":"c","2556":"0","2557":" ","2558":"2","2559":".","2560":"0","2561":"7","2562":"-","2563":"1","2564":".","2565":"5","2566":"2","2567":" ","2568":"3","2569":".","2570":"5","2571":"2","2572":"-","2573":"3","2574":".","2575":"2","2576":"8","2577":" ","2578":"3","2579":".","2580":"5","2581":"2","2582":"z","2583":"\\","2584":"\"","2585":"\\","2586":"n","2587":" ","2588":" ","2589":" ","2590":" ","2591":" ","2592":" ","2593":" ","2594":" ","2595":" ","2596":" ","2597":" ","2598":" ","2599":" ","2600":" ","2601":" ","2602":" ","2603":">","2604":"<","2605":"/","2606":"p","2607":"a","2608":"t","2609":"h","2610":">","2611":"\\","2612":"n","2613":" ","2614":" ","2615":" ","2616":" ","2617":" ","2618":" ","2619":" ","2620":" ","2621":" ","2622":" ","2623":" ","2624":" ","2625":" ","2626":" ","2627":" ","2628":" ","2629":"<","2630":"p","2631":"a","2632":"t","2633":"h","2634":" ","2635":"f","2636":"i","2637":"l","2638":"l","2639":"=","2640":"\\","2641":"\"","2642":"#","2643":"3","2644":"4","2645":"A","2646":"8","2647":"5","2648":"3","2649":"\\","2650":"\"","2651":" ","2652":"d","2653":"=","2654":"\\","2655":"\"","2656":"M","2657":"5","2658":"8","2659":" ","2660":".","2661":"2","2662":"4","2663":"h","2664":"2","2665":".","2666":"5","2667":"1","2668":"v","2669":"1","2670":"7","2671":".","2672":"5","2673":"7","2674":"H","2675":"5","2676":"8","2677":"z","2678":"\\","2679":"\"","2680":">","2681":"<","2682":"/","2683":"p","2684":"a","2685":"t","2686":"h","2687":">","2688":"\\","2689":"n","2690":" ","2691":" ","2692":" ","2693":" ","2694":" ","2695":" ","2696":" ","2697":" ","2698":" ","2699":" ","2700":" ","2701":" ","2702":" ","2703":" ","2704":" ","2705":" ","2706":"<","2707":"p","2708":"a","2709":"t","2710":"h","2711":"\\","2712":"n","2713":" ","2714":" ","2715":" ","2716":" ","2717":" ","2718":" ","2719":" ","2720":" ","2721":" ","2722":" ","2723":" ","2724":" ","2725":" ","2726":" ","2727":" ","2728":" ","2729":" ","2730":" ","2731":"f","2732":"i","2733":"l","2734":"l","2735":"=","2736":"\\","2737":"\"","2738":"#","2739":"E","2740":"A","2741":"4","2742":"3","2743":"3","2744":"5","2745":"\\","2746":"\"","2747":"\\","2748":"n","2749":" ","2750":" ","2751":" ","2752":" ","2753":" ","2754":" ","2755":" ","2756":" ","2757":" ","2758":" ","2759":" ","2760":" ","2761":" ","2762":" ","2763":" ","2764":" ","2765":" ","2766":" ","2767":"d","2768":"=","2769":"\\","2770":"\"","2771":"M","2772":"6","2773":"8","2774":".","2775":"2","2776":"6","2777":" ","2778":"1","2779":"5","2780":".","2781":"5","2782":"2","2783":"c","2784":"-","2785":"1","2786":".","2787":"3","2788":" ","2789":"0","2790":"-","2791":"2","2792":".","2793":"2","2794":"2","2795":"-","2796":".","2797":"5","2798":"9","2799":"-","2800":"2","2801":".","2802":"8","2803":"2","2804":"-","2805":"1","2806":".","2807":"7","2808":"6","2809":"l","2810":"7","2811":".","2812":"7","2813":"7","2814":"-","2815":"3","2816":".","2817":"2","2818":"1","2819":"-","2820":".","2821":"2","2822":"6","2823":"-","2824":".","2825":"6","2826":"6","2827":"c","2828":"-","2829":".","2830":"4","2831":"8","2832":"-","2833":"1","2834":".","2835":"3","2836":"-","2837":"1","2838":".","2839":"9","2840":"6","2841":"-","2842":"3","2843":".","2844":"7","2845":"-","2846":"4","2847":".","2848":"9","2849":"7","2850":"-","2851":"3","2852":".","2853":"7","2854":"-","2855":"2","2856":".","2857":"9","2858":"9","2859":" ","2860":"0","2861":"-","2862":"5","2863":".","2864":"4","2865":"8","2866":" ","2867":"2","2868":".","2869":"3","2870":"5","2871":"-","2872":"5","2873":".","2874":"4","2875":"8","2876":" ","2877":"5","2878":".","2879":"8","2880":"1","2881":" ","2882":"0","2883":" ","2884":"3","2885":".","2886":"2","2887":"6","2888":" ","2889":"2","2890":".","2891":"4","2892":"6","2893":" ","2894":"5","2895":".","2896":"8","2897":"1","2898":" ","2899":"5","2900":".","2901":"7","2902":"6","2903":" ","2904":"5","2905":".","2906":"8","2907":"1","2908":" ","2909":"2","2910":".","2911":"6","2912":"6","2913":" ","2914":"0","2915":" ","2916":"4","2917":".","2918":"2","2919":"-","2920":"1","2921":".","2922":"6","2923":"3","2924":" ","2925":"4","2926":".","2927":"8","2928":"4","2929":"-","2930":"2","2931":".","2932":"5","2933":"7","2934":"l","2935":"-","2936":"1","2937":".","2938":"9","2939":"8","2940":"-","2941":"1","2942":".","2943":"3","2944":"2","2945":"c","2946":"-","2947":".","2948":"6","2949":"6","2950":".","2951":"9","2952":"6","2953":"-","2954":"1","2955":".","2956":"5","2957":"6","2958":" ","2959":"1","2960":".","2961":"6","2962":"-","2963":"2","2964":".","2965":"8","2966":"6","2967":" ","2968":"1","2969":".","2970":"6","2971":"z","2972":"m","2973":"-","2974":".","2975":"1","2976":"8","2977":"-","2978":"7","2979":".","2980":"1","2981":"5","2982":"c","2983":"1","2984":".","2985":"0","2986":"3","2987":" ","2988":"0","2989":" ","2990":"1","2991":".","2992":"9","2993":"1","2994":".","2995":"5","2996":"3","2997":" ","2998":"2","2999":".","3000":"2","3001":" ","3002":"1","3003":".","3004":"2","3005":"8","3006":"l","3007":"-","3008":"5","3009":".","3010":"2","3011":"5","3012":" ","3013":"2","3014":".","3015":"1","3016":"7","3017":"c","3018":"0","3019":"-","3020":"2","3021":".","3022":"4","3023":"4","3024":" ","3025":"1","3026":".","3027":"7","3028":"3","3029":"-","3030":"3","3031":".","3032":"4","3033":"5","3034":" ","3035":"3","3036":".","3037":"0","3038":"5","3039":"-","3040":"3","3041":".","3042":"4","3043":"5","3044":"z","3045":"\\","3046":"\"","3047":"\\","3048":"n","3049":" ","3050":" ","3051":" ","3052":" ","3053":" ","3054":" ","3055":" ","3056":" ","3057":" ","3058":" ","3059":" ","3060":" ","3061":" ","3062":" ","3063":" ","3064":" ","3065":">","3066":"<","3067":"/","3068":"p","3069":"a","3070":"t","3071":"h","3072":">","3073":"\\","3074":"n","3075":" ","3076":" ","3077":" ","3078":" ","3079":" ","3080":" ","3081":" ","3082":" ","3083":" ","3084":" ","3085":" ","3086":" ","3087":" ","3088":" ","3089":"<","3090":"/","3091":"g","3092":">","3093":"\\","3094":"n","3095":" ","3096":" ","3097":" ","3098":" ","3099":" ","3100":" ","3101":" ","3102":" ","3103":" ","3104":" ","3105":" ","3106":" ","3107":"<","3108":"/","3109":"s","3110":"v","3111":"g","3112":">","3113":"\\","3114":"n","3115":" ","3116":" ","3117":" ","3118":" ","3119":" ","3120":" ","3121":" ","3122":" ","3123":" ","3124":" ","3125":"<","3126":"/","3127":"s","3128":"p","3129":"a","3130":"n","3131":">","3132":"\\","3133":"n","3134":" ","3135":" ","3136":" ","3137":" ","3138":" ","3139":" ","3140":" ","3141":" ","3142":" ","3143":" ","3144":"<","3145":"s","3146":"p","3147":"a","3148":"n","3149":" ","3150":"c","3151":"l","3152":"a","3153":"s","3154":"s","3155":"=","3156":"\\","3157":"\"","3158":"m","3159":"l","3160":"-","3161":"1","3162":".","3163":"5","3164":" ","3165":"l","3166":"o","3167":"g","3168":"o","3169":"-","3170":"t","3171":"e","3172":"x","3173":"t","3174":"-","3175":"1","3176":" ","3177":"t","3178":"e","3179":"x","3180":"t","3181":"-","3182":"x","3183":"l","3184":"\\","3185":"\"","3186":">","3187":"{","3188":"{","3189":" ","3190":"c","3191":"o","3192":"m","3193":"p","3194":"a","3195":"n","3196":"y","3197":" ","3198":"}","3199":"}","3200":"<","3201":"/","3202":"s","3203":"p","3204":"a","3205":"n","3206":">","3207":"\\","3208":"n","3209":" ","3210":" ","3211":" ","3212":" ","3213":" ","3214":" ","3215":" ","3216":" ","3217":"<","3218":"/","3219":"a","3220":">","3221":"\\","3222":"n","3223":" ","3224":" ","3225":" ","3226":" ","3227":" ","3228":" ","3229":"<","3230":"/","3231":"d","3232":"i","3233":"v","3234":">","3235":"\\","3236":"n","3237":" ","3238":" ","3239":" ","3240":" ","3241":"<","3242":"/","3243":"n","3244":"a","3245":"v","3246":">","3247":"\\","3248":"n","3249":" ","3250":" ","3251":"<","3252":"/","3253":"h","3254":"e","3255":"a","3256":"d","3257":"e","3258":"r","3259":">","3260":"\\","3261":"n","3262":"<","3263":"/","3264":"t","3265":"e","3266":"m","3267":"p","3268":"l","3269":"a","3270":"t","3271":"e","3272":">","3273":"\\","3274":"n","3275":"\\","3276":"n","3277":"<","3278":"s","3279":"c","3280":"r","3281":"i","3282":"p","3283":"t","3284":">","3285":"\\","3286":"n","3287":"e","3288":"x","3289":"p","3290":"o","3291":"r","3292":"t","3293":" ","3294":"d","3295":"e","3296":"f","3297":"a","3298":"u","3299":"l","3300":"t","3301":" ","3302":"{","3303":"\\","3304":"n","3305":" ","3306":" ","3307":"n","3308":"a","3309":"m","3310":"e","3311":":","3312":" ","3313":"\\","3314":"\"","3315":"H","3316":"e","3317":"a","3318":"d","3319":"e","3320":"r","3321":"C","3322":"o","3323":"m","3324":"p","3325":"o","3326":"n","3327":"e","3328":"n","3329":"t","3330":"\\","3331":"\"","3332":",","3333":"\\","3334":"n","3335":" ","3336":" ","3337":"d","3338":"a","3339":"t","3340":"a","3341":"(","3342":")","3343":" ","3344":"{","3345":"\\","3346":"n","3347":" ","3348":" ","3349":" ","3350":" ","3351":"r","3352":"e","3353":"t","3354":"u","3355":"r","3356":"n","3357":" ","3358":"{","3359":"\\","3360":"n","3361":" ","3362":" ","3363":" ","3364":" ","3365":" ","3366":" ","3367":"c","3368":"o","3369":"m","3370":"p","3371":"a","3372":"n","3373":"y","3374":":","3375":" ","3376":"\\","3377":"\"","3378":"i","3379":"T","3380":" ","3381":"C","3382":"a","3383":"r","3384":"e","3385":"e","3386":"r","3387":"s","3388":"\\","3389":"\"","3390":",","3391":"\\","3392":"n","3393":" ","3394":" ","3395":" ","3396":" ","3397":"}","3398":";","3399":"\\","3400":"n","3401":" ","3402":" ","3403":"}","3404":",","3405":"\\","3406":"n","3407":"}","3408":";","3409":"\\","3410":"n","3411":"<","3412":"/","3413":"s","3414":"c","3415":"r","3416":"i","3417":"p","3418":"t","3419":">","3420":"\\","3421":"n","3422":"\"","3423":"]","3424":"}"},"_coverageSchema":"1a1c01bbd47fc00a2c39e90264f33305004495a9","hash":"83270172a52e5266690ecd889763c62b7bad0d09"}
}
