TN:
SF:src/components/ActionButton/ActionButton.vue
FN:23,render
FNF:1
FNH:1
FNDA:3,render
DA:4,1
DA:7,1
DA:8,1
DA:13,1
DA:15,1
DA:18,1
DA:19,1
DA:20,1
DA:24,3
DA:25,1
LF:10
LH:10
BRF:0
BRH:0
end_of_record
TN:
SF:src/components/Header/HeaderComponent.vue
FN:106,render
FN:109,(anonymous_1)
FNF:2
FNH:2
FNDA:4,render
FNDA:24,(anonymous_1)
DA:4,1
DA:5,1
DA:8,1
DA:40,1
DA:42,1
DA:45,1
DA:46,1
DA:47,1
DA:50,1
DA:53,1
DA:56,1
DA:60,1
DA:90,1
DA:93,1
DA:96,1
DA:99,1
DA:103,1
DA:107,4
DA:108,4
DA:109,4
DA:110,24
DA:120,1
LF:22
LH:22
BRDA:115,0,0,1
BRDA:115,0,1,3
BRF:2
BRH:2
end_of_record
TN:
SF:src/components/ProfileThumbnail/ProfileThumbnail.vue
FN:10,(anonymous_0)
FN:26,render
FNF:2
FNH:2
FNDA:1,(anonymous_0)
FNDA:1,render
DA:4,1
DA:7,1
DA:8,1
DA:11,1
DA:18,1
DA:20,1
DA:23,1
DA:24,1
DA:25,1
DA:27,1
DA:32,1
LF:11
LH:11
BRF:0
BRH:0
end_of_record
